                              1 ;--------------------------------------------------------
                              2 ; File Created by SDCC : free open source ANSI-C Compiler
                              3 ; Version 3.6.8 #9946 (Linux)
                              4 ;--------------------------------------------------------
                              5 	.module fondoKamikaze
                              6 	.optsdcc -mz80
                              7 	
                              8 ;--------------------------------------------------------
                              9 ; Public variables in this module
                             10 ;--------------------------------------------------------
                             11 	.globl _fondo
                             12 ;--------------------------------------------------------
                             13 ; special function registers
                             14 ;--------------------------------------------------------
                             15 ;--------------------------------------------------------
                             16 ; ram data
                             17 ;--------------------------------------------------------
                             18 	.area _DATA
                             19 ;--------------------------------------------------------
                             20 ; ram data
                             21 ;--------------------------------------------------------
                             22 	.area _INITIALIZED
                             23 ;--------------------------------------------------------
                             24 ; absolute external ram data
                             25 ;--------------------------------------------------------
                             26 	.area _DABS (ABS)
                             27 ;--------------------------------------------------------
                             28 ; global & static initialisations
                             29 ;--------------------------------------------------------
                             30 	.area _HOME
                             31 	.area _GSINIT
                             32 	.area _GSFINAL
                             33 	.area _GSINIT
                             34 ;--------------------------------------------------------
                             35 ; Home
                             36 ;--------------------------------------------------------
                             37 	.area _HOME
                             38 	.area _HOME
                             39 ;--------------------------------------------------------
                             40 ; code
                             41 ;--------------------------------------------------------
                             42 	.area _CODE
                             43 	.area _CODE
   0000                      44 _fondo:
   0000 00                   45 	.db #0x00	; 0
   0001 01                   46 	.db #0x01	; 1
   0002 00                   47 	.db #0x00	; 0
   0003 01                   48 	.db #0x01	; 1
   0004 00                   49 	.db #0x00	; 0
   0005 01                   50 	.db #0x01	; 1
   0006 00                   51 	.db #0x00	; 0
   0007 01                   52 	.db #0x01	; 1
   0008 00                   53 	.db #0x00	; 0
   0009 01                   54 	.db #0x01	; 1
   000A 00                   55 	.db #0x00	; 0
   000B 01                   56 	.db #0x01	; 1
   000C 00                   57 	.db #0x00	; 0
   000D 01                   58 	.db #0x01	; 1
   000E 00                   59 	.db #0x00	; 0
   000F 01                   60 	.db #0x01	; 1
   0010 00                   61 	.db #0x00	; 0
   0011 01                   62 	.db #0x01	; 1
   0012 00                   63 	.db #0x00	; 0
   0013 01                   64 	.db #0x01	; 1
   0014 00                   65 	.db #0x00	; 0
   0015 01                   66 	.db #0x01	; 1
   0016 00                   67 	.db #0x00	; 0
   0017 01                   68 	.db #0x01	; 1
   0018 00                   69 	.db #0x00	; 0
   0019 01                   70 	.db #0x01	; 1
   001A 00                   71 	.db #0x00	; 0
   001B 01                   72 	.db #0x01	; 1
   001C 00                   73 	.db #0x00	; 0
   001D 01                   74 	.db #0x01	; 1
   001E 00                   75 	.db #0x00	; 0
   001F 01                   76 	.db #0x01	; 1
   0020 00                   77 	.db #0x00	; 0
   0021 01                   78 	.db #0x01	; 1
   0022 00                   79 	.db #0x00	; 0
   0023 01                   80 	.db #0x01	; 1
   0024 00                   81 	.db #0x00	; 0
   0025 01                   82 	.db #0x01	; 1
   0026 00                   83 	.db #0x00	; 0
   0027 01                   84 	.db #0x01	; 1
   0028 04                   85 	.db #0x04	; 4
   0029 05                   86 	.db #0x05	; 5
   002A 04                   87 	.db #0x04	; 4
   002B 05                   88 	.db #0x05	; 5
   002C 04                   89 	.db #0x04	; 4
   002D 05                   90 	.db #0x05	; 5
   002E 04                   91 	.db #0x04	; 4
   002F 05                   92 	.db #0x05	; 5
   0030 04                   93 	.db #0x04	; 4
   0031 05                   94 	.db #0x05	; 5
   0032 04                   95 	.db #0x04	; 4
   0033 05                   96 	.db #0x05	; 5
   0034 04                   97 	.db #0x04	; 4
   0035 05                   98 	.db #0x05	; 5
   0036 04                   99 	.db #0x04	; 4
   0037 05                  100 	.db #0x05	; 5
   0038 04                  101 	.db #0x04	; 4
   0039 05                  102 	.db #0x05	; 5
   003A 04                  103 	.db #0x04	; 4
   003B 05                  104 	.db #0x05	; 5
   003C 04                  105 	.db #0x04	; 4
   003D 05                  106 	.db #0x05	; 5
   003E 04                  107 	.db #0x04	; 4
   003F 05                  108 	.db #0x05	; 5
   0040 04                  109 	.db #0x04	; 4
   0041 05                  110 	.db #0x05	; 5
   0042 04                  111 	.db #0x04	; 4
   0043 05                  112 	.db #0x05	; 5
   0044 04                  113 	.db #0x04	; 4
   0045 05                  114 	.db #0x05	; 5
   0046 04                  115 	.db #0x04	; 4
   0047 05                  116 	.db #0x05	; 5
   0048 04                  117 	.db #0x04	; 4
   0049 05                  118 	.db #0x05	; 5
   004A 04                  119 	.db #0x04	; 4
   004B 05                  120 	.db #0x05	; 5
   004C 04                  121 	.db #0x04	; 4
   004D 05                  122 	.db #0x05	; 5
   004E 04                  123 	.db #0x04	; 4
   004F 05                  124 	.db #0x05	; 5
   0050 00                  125 	.db #0x00	; 0
   0051 01                  126 	.db #0x01	; 1
   0052 02                  127 	.db #0x02	; 2
   0053 03                  128 	.db #0x03	; 3
   0054 02                  129 	.db #0x02	; 2
   0055 03                  130 	.db #0x03	; 3
   0056 02                  131 	.db #0x02	; 2
   0057 03                  132 	.db #0x03	; 3
   0058 02                  133 	.db #0x02	; 2
   0059 03                  134 	.db #0x03	; 3
   005A 02                  135 	.db #0x02	; 2
   005B 03                  136 	.db #0x03	; 3
   005C 02                  137 	.db #0x02	; 2
   005D 03                  138 	.db #0x03	; 3
   005E 02                  139 	.db #0x02	; 2
   005F 03                  140 	.db #0x03	; 3
   0060 02                  141 	.db #0x02	; 2
   0061 03                  142 	.db #0x03	; 3
   0062 02                  143 	.db #0x02	; 2
   0063 03                  144 	.db #0x03	; 3
   0064 02                  145 	.db #0x02	; 2
   0065 03                  146 	.db #0x03	; 3
   0066 02                  147 	.db #0x02	; 2
   0067 03                  148 	.db #0x03	; 3
   0068 02                  149 	.db #0x02	; 2
   0069 00                  150 	.db #0x00	; 0
   006A 01                  151 	.db #0x01	; 1
   006B 03                  152 	.db #0x03	; 3
   006C 02                  153 	.db #0x02	; 2
   006D 03                  154 	.db #0x03	; 3
   006E 02                  155 	.db #0x02	; 2
   006F 03                  156 	.db #0x03	; 3
   0070 02                  157 	.db #0x02	; 2
   0071 03                  158 	.db #0x03	; 3
   0072 02                  159 	.db #0x02	; 2
   0073 03                  160 	.db #0x03	; 3
   0074 02                  161 	.db #0x02	; 2
   0075 03                  162 	.db #0x03	; 3
   0076 00                  163 	.db #0x00	; 0
   0077 01                  164 	.db #0x01	; 1
   0078 04                  165 	.db #0x04	; 4
   0079 05                  166 	.db #0x05	; 5
   007A 06                  167 	.db #0x06	; 6
   007B 07                  168 	.db #0x07	; 7
   007C 06                  169 	.db #0x06	; 6
   007D 07                  170 	.db #0x07	; 7
   007E 06                  171 	.db #0x06	; 6
   007F 07                  172 	.db #0x07	; 7
   0080 06                  173 	.db #0x06	; 6
   0081 07                  174 	.db #0x07	; 7
   0082 06                  175 	.db #0x06	; 6
   0083 07                  176 	.db #0x07	; 7
   0084 06                  177 	.db #0x06	; 6
   0085 07                  178 	.db #0x07	; 7
   0086 06                  179 	.db #0x06	; 6
   0087 07                  180 	.db #0x07	; 7
   0088 06                  181 	.db #0x06	; 6
   0089 07                  182 	.db #0x07	; 7
   008A 06                  183 	.db #0x06	; 6
   008B 07                  184 	.db #0x07	; 7
   008C 06                  185 	.db #0x06	; 6
   008D 07                  186 	.db #0x07	; 7
   008E 06                  187 	.db #0x06	; 6
   008F 07                  188 	.db #0x07	; 7
   0090 06                  189 	.db #0x06	; 6
   0091 04                  190 	.db #0x04	; 4
   0092 05                  191 	.db #0x05	; 5
   0093 07                  192 	.db #0x07	; 7
   0094 06                  193 	.db #0x06	; 6
   0095 07                  194 	.db #0x07	; 7
   0096 06                  195 	.db #0x06	; 6
   0097 07                  196 	.db #0x07	; 7
   0098 06                  197 	.db #0x06	; 6
   0099 07                  198 	.db #0x07	; 7
   009A 06                  199 	.db #0x06	; 6
   009B 07                  200 	.db #0x07	; 7
   009C 06                  201 	.db #0x06	; 6
   009D 07                  202 	.db #0x07	; 7
   009E 04                  203 	.db #0x04	; 4
   009F 05                  204 	.db #0x05	; 5
   00A0 00                  205 	.db #0x00	; 0
   00A1 01                  206 	.db #0x01	; 1
   00A2 02                  207 	.db #0x02	; 2
   00A3 03                  208 	.db #0x03	; 3
   00A4 02                  209 	.db #0x02	; 2
   00A5 03                  210 	.db #0x03	; 3
   00A6 02                  211 	.db #0x02	; 2
   00A7 03                  212 	.db #0x03	; 3
   00A8 02                  213 	.db #0x02	; 2
   00A9 03                  214 	.db #0x03	; 3
   00AA 02                  215 	.db #0x02	; 2
   00AB 03                  216 	.db #0x03	; 3
   00AC 02                  217 	.db #0x02	; 2
   00AD 03                  218 	.db #0x03	; 3
   00AE 02                  219 	.db #0x02	; 2
   00AF 03                  220 	.db #0x03	; 3
   00B0 02                  221 	.db #0x02	; 2
   00B1 03                  222 	.db #0x03	; 3
   00B2 02                  223 	.db #0x02	; 2
   00B3 03                  224 	.db #0x03	; 3
   00B4 02                  225 	.db #0x02	; 2
   00B5 03                  226 	.db #0x03	; 3
   00B6 02                  227 	.db #0x02	; 2
   00B7 03                  228 	.db #0x03	; 3
   00B8 02                  229 	.db #0x02	; 2
   00B9 00                  230 	.db #0x00	; 0
   00BA 01                  231 	.db #0x01	; 1
   00BB 03                  232 	.db #0x03	; 3
   00BC 02                  233 	.db #0x02	; 2
   00BD 03                  234 	.db #0x03	; 3
   00BE 02                  235 	.db #0x02	; 2
   00BF 03                  236 	.db #0x03	; 3
   00C0 02                  237 	.db #0x02	; 2
   00C1 03                  238 	.db #0x03	; 3
   00C2 02                  239 	.db #0x02	; 2
   00C3 03                  240 	.db #0x03	; 3
   00C4 02                  241 	.db #0x02	; 2
   00C5 03                  242 	.db #0x03	; 3
   00C6 00                  243 	.db #0x00	; 0
   00C7 01                  244 	.db #0x01	; 1
   00C8 04                  245 	.db #0x04	; 4
   00C9 05                  246 	.db #0x05	; 5
   00CA 06                  247 	.db #0x06	; 6
   00CB 07                  248 	.db #0x07	; 7
   00CC 06                  249 	.db #0x06	; 6
   00CD 07                  250 	.db #0x07	; 7
   00CE 06                  251 	.db #0x06	; 6
   00CF 07                  252 	.db #0x07	; 7
   00D0 06                  253 	.db #0x06	; 6
   00D1 07                  254 	.db #0x07	; 7
   00D2 06                  255 	.db #0x06	; 6
   00D3 07                  256 	.db #0x07	; 7
   00D4 06                  257 	.db #0x06	; 6
   00D5 07                  258 	.db #0x07	; 7
   00D6 06                  259 	.db #0x06	; 6
   00D7 07                  260 	.db #0x07	; 7
   00D8 06                  261 	.db #0x06	; 6
   00D9 07                  262 	.db #0x07	; 7
   00DA 06                  263 	.db #0x06	; 6
   00DB 07                  264 	.db #0x07	; 7
   00DC 06                  265 	.db #0x06	; 6
   00DD 07                  266 	.db #0x07	; 7
   00DE 06                  267 	.db #0x06	; 6
   00DF 07                  268 	.db #0x07	; 7
   00E0 06                  269 	.db #0x06	; 6
   00E1 04                  270 	.db #0x04	; 4
   00E2 05                  271 	.db #0x05	; 5
   00E3 07                  272 	.db #0x07	; 7
   00E4 06                  273 	.db #0x06	; 6
   00E5 07                  274 	.db #0x07	; 7
   00E6 06                  275 	.db #0x06	; 6
   00E7 07                  276 	.db #0x07	; 7
   00E8 06                  277 	.db #0x06	; 6
   00E9 07                  278 	.db #0x07	; 7
   00EA 06                  279 	.db #0x06	; 6
   00EB 07                  280 	.db #0x07	; 7
   00EC 06                  281 	.db #0x06	; 6
   00ED 07                  282 	.db #0x07	; 7
   00EE 04                  283 	.db #0x04	; 4
   00EF 05                  284 	.db #0x05	; 5
   00F0 00                  285 	.db #0x00	; 0
   00F1 01                  286 	.db #0x01	; 1
   00F2 02                  287 	.db #0x02	; 2
   00F3 03                  288 	.db #0x03	; 3
   00F4 02                  289 	.db #0x02	; 2
   00F5 03                  290 	.db #0x03	; 3
   00F6 02                  291 	.db #0x02	; 2
   00F7 03                  292 	.db #0x03	; 3
   00F8 02                  293 	.db #0x02	; 2
   00F9 03                  294 	.db #0x03	; 3
   00FA 02                  295 	.db #0x02	; 2
   00FB 03                  296 	.db #0x03	; 3
   00FC 02                  297 	.db #0x02	; 2
   00FD 03                  298 	.db #0x03	; 3
   00FE 02                  299 	.db #0x02	; 2
   00FF 03                  300 	.db #0x03	; 3
   0100 02                  301 	.db #0x02	; 2
   0101 03                  302 	.db #0x03	; 3
   0102 02                  303 	.db #0x02	; 2
   0103 03                  304 	.db #0x03	; 3
   0104 02                  305 	.db #0x02	; 2
   0105 03                  306 	.db #0x03	; 3
   0106 02                  307 	.db #0x02	; 2
   0107 03                  308 	.db #0x03	; 3
   0108 02                  309 	.db #0x02	; 2
   0109 00                  310 	.db #0x00	; 0
   010A 01                  311 	.db #0x01	; 1
   010B 03                  312 	.db #0x03	; 3
   010C 02                  313 	.db #0x02	; 2
   010D 03                  314 	.db #0x03	; 3
   010E 02                  315 	.db #0x02	; 2
   010F 03                  316 	.db #0x03	; 3
   0110 02                  317 	.db #0x02	; 2
   0111 03                  318 	.db #0x03	; 3
   0112 02                  319 	.db #0x02	; 2
   0113 03                  320 	.db #0x03	; 3
   0114 02                  321 	.db #0x02	; 2
   0115 03                  322 	.db #0x03	; 3
   0116 00                  323 	.db #0x00	; 0
   0117 01                  324 	.db #0x01	; 1
   0118 04                  325 	.db #0x04	; 4
   0119 05                  326 	.db #0x05	; 5
   011A 06                  327 	.db #0x06	; 6
   011B 07                  328 	.db #0x07	; 7
   011C 06                  329 	.db #0x06	; 6
   011D 07                  330 	.db #0x07	; 7
   011E 06                  331 	.db #0x06	; 6
   011F 07                  332 	.db #0x07	; 7
   0120 06                  333 	.db #0x06	; 6
   0121 07                  334 	.db #0x07	; 7
   0122 06                  335 	.db #0x06	; 6
   0123 07                  336 	.db #0x07	; 7
   0124 06                  337 	.db #0x06	; 6
   0125 07                  338 	.db #0x07	; 7
   0126 06                  339 	.db #0x06	; 6
   0127 07                  340 	.db #0x07	; 7
   0128 06                  341 	.db #0x06	; 6
   0129 07                  342 	.db #0x07	; 7
   012A 06                  343 	.db #0x06	; 6
   012B 07                  344 	.db #0x07	; 7
   012C 06                  345 	.db #0x06	; 6
   012D 07                  346 	.db #0x07	; 7
   012E 06                  347 	.db #0x06	; 6
   012F 07                  348 	.db #0x07	; 7
   0130 06                  349 	.db #0x06	; 6
   0131 04                  350 	.db #0x04	; 4
   0132 05                  351 	.db #0x05	; 5
   0133 07                  352 	.db #0x07	; 7
   0134 06                  353 	.db #0x06	; 6
   0135 07                  354 	.db #0x07	; 7
   0136 06                  355 	.db #0x06	; 6
   0137 07                  356 	.db #0x07	; 7
   0138 06                  357 	.db #0x06	; 6
   0139 07                  358 	.db #0x07	; 7
   013A 06                  359 	.db #0x06	; 6
   013B 07                  360 	.db #0x07	; 7
   013C 06                  361 	.db #0x06	; 6
   013D 07                  362 	.db #0x07	; 7
   013E 04                  363 	.db #0x04	; 4
   013F 05                  364 	.db #0x05	; 5
   0140 00                  365 	.db #0x00	; 0
   0141 01                  366 	.db #0x01	; 1
   0142 02                  367 	.db #0x02	; 2
   0143 03                  368 	.db #0x03	; 3
   0144 02                  369 	.db #0x02	; 2
   0145 03                  370 	.db #0x03	; 3
   0146 02                  371 	.db #0x02	; 2
   0147 03                  372 	.db #0x03	; 3
   0148 02                  373 	.db #0x02	; 2
   0149 03                  374 	.db #0x03	; 3
   014A 02                  375 	.db #0x02	; 2
   014B 03                  376 	.db #0x03	; 3
   014C 02                  377 	.db #0x02	; 2
   014D 03                  378 	.db #0x03	; 3
   014E 02                  379 	.db #0x02	; 2
   014F 03                  380 	.db #0x03	; 3
   0150 02                  381 	.db #0x02	; 2
   0151 03                  382 	.db #0x03	; 3
   0152 02                  383 	.db #0x02	; 2
   0153 03                  384 	.db #0x03	; 3
   0154 02                  385 	.db #0x02	; 2
   0155 03                  386 	.db #0x03	; 3
   0156 02                  387 	.db #0x02	; 2
   0157 03                  388 	.db #0x03	; 3
   0158 02                  389 	.db #0x02	; 2
   0159 00                  390 	.db #0x00	; 0
   015A 01                  391 	.db #0x01	; 1
   015B 03                  392 	.db #0x03	; 3
   015C 02                  393 	.db #0x02	; 2
   015D 03                  394 	.db #0x03	; 3
   015E 02                  395 	.db #0x02	; 2
   015F 03                  396 	.db #0x03	; 3
   0160 02                  397 	.db #0x02	; 2
   0161 03                  398 	.db #0x03	; 3
   0162 02                  399 	.db #0x02	; 2
   0163 03                  400 	.db #0x03	; 3
   0164 02                  401 	.db #0x02	; 2
   0165 03                  402 	.db #0x03	; 3
   0166 00                  403 	.db #0x00	; 0
   0167 01                  404 	.db #0x01	; 1
   0168 04                  405 	.db #0x04	; 4
   0169 05                  406 	.db #0x05	; 5
   016A 06                  407 	.db #0x06	; 6
   016B 07                  408 	.db #0x07	; 7
   016C 06                  409 	.db #0x06	; 6
   016D 07                  410 	.db #0x07	; 7
   016E 06                  411 	.db #0x06	; 6
   016F 07                  412 	.db #0x07	; 7
   0170 06                  413 	.db #0x06	; 6
   0171 07                  414 	.db #0x07	; 7
   0172 06                  415 	.db #0x06	; 6
   0173 07                  416 	.db #0x07	; 7
   0174 06                  417 	.db #0x06	; 6
   0175 07                  418 	.db #0x07	; 7
   0176 06                  419 	.db #0x06	; 6
   0177 07                  420 	.db #0x07	; 7
   0178 06                  421 	.db #0x06	; 6
   0179 07                  422 	.db #0x07	; 7
   017A 06                  423 	.db #0x06	; 6
   017B 07                  424 	.db #0x07	; 7
   017C 06                  425 	.db #0x06	; 6
   017D 07                  426 	.db #0x07	; 7
   017E 06                  427 	.db #0x06	; 6
   017F 07                  428 	.db #0x07	; 7
   0180 06                  429 	.db #0x06	; 6
   0181 04                  430 	.db #0x04	; 4
   0182 05                  431 	.db #0x05	; 5
   0183 07                  432 	.db #0x07	; 7
   0184 06                  433 	.db #0x06	; 6
   0185 07                  434 	.db #0x07	; 7
   0186 06                  435 	.db #0x06	; 6
   0187 07                  436 	.db #0x07	; 7
   0188 06                  437 	.db #0x06	; 6
   0189 07                  438 	.db #0x07	; 7
   018A 06                  439 	.db #0x06	; 6
   018B 07                  440 	.db #0x07	; 7
   018C 06                  441 	.db #0x06	; 6
   018D 07                  442 	.db #0x07	; 7
   018E 04                  443 	.db #0x04	; 4
   018F 05                  444 	.db #0x05	; 5
   0190 00                  445 	.db #0x00	; 0
   0191 01                  446 	.db #0x01	; 1
   0192 02                  447 	.db #0x02	; 2
   0193 03                  448 	.db #0x03	; 3
   0194 02                  449 	.db #0x02	; 2
   0195 03                  450 	.db #0x03	; 3
   0196 02                  451 	.db #0x02	; 2
   0197 03                  452 	.db #0x03	; 3
   0198 02                  453 	.db #0x02	; 2
   0199 03                  454 	.db #0x03	; 3
   019A 02                  455 	.db #0x02	; 2
   019B 03                  456 	.db #0x03	; 3
   019C 02                  457 	.db #0x02	; 2
   019D 03                  458 	.db #0x03	; 3
   019E 02                  459 	.db #0x02	; 2
   019F 03                  460 	.db #0x03	; 3
   01A0 02                  461 	.db #0x02	; 2
   01A1 03                  462 	.db #0x03	; 3
   01A2 02                  463 	.db #0x02	; 2
   01A3 03                  464 	.db #0x03	; 3
   01A4 02                  465 	.db #0x02	; 2
   01A5 03                  466 	.db #0x03	; 3
   01A6 02                  467 	.db #0x02	; 2
   01A7 03                  468 	.db #0x03	; 3
   01A8 02                  469 	.db #0x02	; 2
   01A9 00                  470 	.db #0x00	; 0
   01AA 01                  471 	.db #0x01	; 1
   01AB 03                  472 	.db #0x03	; 3
   01AC 02                  473 	.db #0x02	; 2
   01AD 03                  474 	.db #0x03	; 3
   01AE 02                  475 	.db #0x02	; 2
   01AF 03                  476 	.db #0x03	; 3
   01B0 02                  477 	.db #0x02	; 2
   01B1 03                  478 	.db #0x03	; 3
   01B2 02                  479 	.db #0x02	; 2
   01B3 03                  480 	.db #0x03	; 3
   01B4 02                  481 	.db #0x02	; 2
   01B5 03                  482 	.db #0x03	; 3
   01B6 00                  483 	.db #0x00	; 0
   01B7 01                  484 	.db #0x01	; 1
   01B8 04                  485 	.db #0x04	; 4
   01B9 05                  486 	.db #0x05	; 5
   01BA 06                  487 	.db #0x06	; 6
   01BB 07                  488 	.db #0x07	; 7
   01BC 06                  489 	.db #0x06	; 6
   01BD 07                  490 	.db #0x07	; 7
   01BE 06                  491 	.db #0x06	; 6
   01BF 07                  492 	.db #0x07	; 7
   01C0 06                  493 	.db #0x06	; 6
   01C1 07                  494 	.db #0x07	; 7
   01C2 06                  495 	.db #0x06	; 6
   01C3 07                  496 	.db #0x07	; 7
   01C4 06                  497 	.db #0x06	; 6
   01C5 07                  498 	.db #0x07	; 7
   01C6 06                  499 	.db #0x06	; 6
   01C7 07                  500 	.db #0x07	; 7
   01C8 06                  501 	.db #0x06	; 6
   01C9 07                  502 	.db #0x07	; 7
   01CA 06                  503 	.db #0x06	; 6
   01CB 07                  504 	.db #0x07	; 7
   01CC 06                  505 	.db #0x06	; 6
   01CD 07                  506 	.db #0x07	; 7
   01CE 06                  507 	.db #0x06	; 6
   01CF 07                  508 	.db #0x07	; 7
   01D0 06                  509 	.db #0x06	; 6
   01D1 04                  510 	.db #0x04	; 4
   01D2 05                  511 	.db #0x05	; 5
   01D3 07                  512 	.db #0x07	; 7
   01D4 06                  513 	.db #0x06	; 6
   01D5 07                  514 	.db #0x07	; 7
   01D6 06                  515 	.db #0x06	; 6
   01D7 07                  516 	.db #0x07	; 7
   01D8 06                  517 	.db #0x06	; 6
   01D9 07                  518 	.db #0x07	; 7
   01DA 06                  519 	.db #0x06	; 6
   01DB 07                  520 	.db #0x07	; 7
   01DC 06                  521 	.db #0x06	; 6
   01DD 07                  522 	.db #0x07	; 7
   01DE 04                  523 	.db #0x04	; 4
   01DF 05                  524 	.db #0x05	; 5
   01E0 00                  525 	.db #0x00	; 0
   01E1 01                  526 	.db #0x01	; 1
   01E2 02                  527 	.db #0x02	; 2
   01E3 03                  528 	.db #0x03	; 3
   01E4 02                  529 	.db #0x02	; 2
   01E5 03                  530 	.db #0x03	; 3
   01E6 02                  531 	.db #0x02	; 2
   01E7 03                  532 	.db #0x03	; 3
   01E8 02                  533 	.db #0x02	; 2
   01E9 03                  534 	.db #0x03	; 3
   01EA 02                  535 	.db #0x02	; 2
   01EB 03                  536 	.db #0x03	; 3
   01EC 02                  537 	.db #0x02	; 2
   01ED 03                  538 	.db #0x03	; 3
   01EE 02                  539 	.db #0x02	; 2
   01EF 03                  540 	.db #0x03	; 3
   01F0 02                  541 	.db #0x02	; 2
   01F1 03                  542 	.db #0x03	; 3
   01F2 02                  543 	.db #0x02	; 2
   01F3 03                  544 	.db #0x03	; 3
   01F4 02                  545 	.db #0x02	; 2
   01F5 03                  546 	.db #0x03	; 3
   01F6 02                  547 	.db #0x02	; 2
   01F7 03                  548 	.db #0x03	; 3
   01F8 02                  549 	.db #0x02	; 2
   01F9 00                  550 	.db #0x00	; 0
   01FA 01                  551 	.db #0x01	; 1
   01FB 03                  552 	.db #0x03	; 3
   01FC 02                  553 	.db #0x02	; 2
   01FD 03                  554 	.db #0x03	; 3
   01FE 02                  555 	.db #0x02	; 2
   01FF 03                  556 	.db #0x03	; 3
   0200 02                  557 	.db #0x02	; 2
   0201 03                  558 	.db #0x03	; 3
   0202 02                  559 	.db #0x02	; 2
   0203 03                  560 	.db #0x03	; 3
   0204 02                  561 	.db #0x02	; 2
   0205 03                  562 	.db #0x03	; 3
   0206 00                  563 	.db #0x00	; 0
   0207 01                  564 	.db #0x01	; 1
   0208 04                  565 	.db #0x04	; 4
   0209 05                  566 	.db #0x05	; 5
   020A 06                  567 	.db #0x06	; 6
   020B 07                  568 	.db #0x07	; 7
   020C 06                  569 	.db #0x06	; 6
   020D 07                  570 	.db #0x07	; 7
   020E 06                  571 	.db #0x06	; 6
   020F 07                  572 	.db #0x07	; 7
   0210 06                  573 	.db #0x06	; 6
   0211 07                  574 	.db #0x07	; 7
   0212 06                  575 	.db #0x06	; 6
   0213 07                  576 	.db #0x07	; 7
   0214 06                  577 	.db #0x06	; 6
   0215 07                  578 	.db #0x07	; 7
   0216 06                  579 	.db #0x06	; 6
   0217 07                  580 	.db #0x07	; 7
   0218 06                  581 	.db #0x06	; 6
   0219 07                  582 	.db #0x07	; 7
   021A 06                  583 	.db #0x06	; 6
   021B 07                  584 	.db #0x07	; 7
   021C 06                  585 	.db #0x06	; 6
   021D 07                  586 	.db #0x07	; 7
   021E 06                  587 	.db #0x06	; 6
   021F 07                  588 	.db #0x07	; 7
   0220 06                  589 	.db #0x06	; 6
   0221 04                  590 	.db #0x04	; 4
   0222 05                  591 	.db #0x05	; 5
   0223 07                  592 	.db #0x07	; 7
   0224 06                  593 	.db #0x06	; 6
   0225 07                  594 	.db #0x07	; 7
   0226 06                  595 	.db #0x06	; 6
   0227 07                  596 	.db #0x07	; 7
   0228 06                  597 	.db #0x06	; 6
   0229 07                  598 	.db #0x07	; 7
   022A 06                  599 	.db #0x06	; 6
   022B 07                  600 	.db #0x07	; 7
   022C 06                  601 	.db #0x06	; 6
   022D 07                  602 	.db #0x07	; 7
   022E 04                  603 	.db #0x04	; 4
   022F 05                  604 	.db #0x05	; 5
   0230 00                  605 	.db #0x00	; 0
   0231 01                  606 	.db #0x01	; 1
   0232 02                  607 	.db #0x02	; 2
   0233 03                  608 	.db #0x03	; 3
   0234 02                  609 	.db #0x02	; 2
   0235 03                  610 	.db #0x03	; 3
   0236 02                  611 	.db #0x02	; 2
   0237 03                  612 	.db #0x03	; 3
   0238 02                  613 	.db #0x02	; 2
   0239 03                  614 	.db #0x03	; 3
   023A 02                  615 	.db #0x02	; 2
   023B 03                  616 	.db #0x03	; 3
   023C 02                  617 	.db #0x02	; 2
   023D 03                  618 	.db #0x03	; 3
   023E 02                  619 	.db #0x02	; 2
   023F 03                  620 	.db #0x03	; 3
   0240 02                  621 	.db #0x02	; 2
   0241 03                  622 	.db #0x03	; 3
   0242 02                  623 	.db #0x02	; 2
   0243 03                  624 	.db #0x03	; 3
   0244 02                  625 	.db #0x02	; 2
   0245 03                  626 	.db #0x03	; 3
   0246 02                  627 	.db #0x02	; 2
   0247 03                  628 	.db #0x03	; 3
   0248 02                  629 	.db #0x02	; 2
   0249 00                  630 	.db #0x00	; 0
   024A 01                  631 	.db #0x01	; 1
   024B 03                  632 	.db #0x03	; 3
   024C 02                  633 	.db #0x02	; 2
   024D 03                  634 	.db #0x03	; 3
   024E 02                  635 	.db #0x02	; 2
   024F 03                  636 	.db #0x03	; 3
   0250 02                  637 	.db #0x02	; 2
   0251 03                  638 	.db #0x03	; 3
   0252 02                  639 	.db #0x02	; 2
   0253 03                  640 	.db #0x03	; 3
   0254 02                  641 	.db #0x02	; 2
   0255 03                  642 	.db #0x03	; 3
   0256 00                  643 	.db #0x00	; 0
   0257 01                  644 	.db #0x01	; 1
   0258 04                  645 	.db #0x04	; 4
   0259 05                  646 	.db #0x05	; 5
   025A 06                  647 	.db #0x06	; 6
   025B 07                  648 	.db #0x07	; 7
   025C 06                  649 	.db #0x06	; 6
   025D 07                  650 	.db #0x07	; 7
   025E 06                  651 	.db #0x06	; 6
   025F 07                  652 	.db #0x07	; 7
   0260 06                  653 	.db #0x06	; 6
   0261 07                  654 	.db #0x07	; 7
   0262 06                  655 	.db #0x06	; 6
   0263 07                  656 	.db #0x07	; 7
   0264 06                  657 	.db #0x06	; 6
   0265 07                  658 	.db #0x07	; 7
   0266 06                  659 	.db #0x06	; 6
   0267 07                  660 	.db #0x07	; 7
   0268 06                  661 	.db #0x06	; 6
   0269 07                  662 	.db #0x07	; 7
   026A 06                  663 	.db #0x06	; 6
   026B 07                  664 	.db #0x07	; 7
   026C 06                  665 	.db #0x06	; 6
   026D 07                  666 	.db #0x07	; 7
   026E 06                  667 	.db #0x06	; 6
   026F 07                  668 	.db #0x07	; 7
   0270 06                  669 	.db #0x06	; 6
   0271 04                  670 	.db #0x04	; 4
   0272 05                  671 	.db #0x05	; 5
   0273 07                  672 	.db #0x07	; 7
   0274 06                  673 	.db #0x06	; 6
   0275 07                  674 	.db #0x07	; 7
   0276 06                  675 	.db #0x06	; 6
   0277 07                  676 	.db #0x07	; 7
   0278 06                  677 	.db #0x06	; 6
   0279 07                  678 	.db #0x07	; 7
   027A 06                  679 	.db #0x06	; 6
   027B 07                  680 	.db #0x07	; 7
   027C 06                  681 	.db #0x06	; 6
   027D 07                  682 	.db #0x07	; 7
   027E 04                  683 	.db #0x04	; 4
   027F 05                  684 	.db #0x05	; 5
   0280 00                  685 	.db #0x00	; 0
   0281 01                  686 	.db #0x01	; 1
   0282 02                  687 	.db #0x02	; 2
   0283 03                  688 	.db #0x03	; 3
   0284 02                  689 	.db #0x02	; 2
   0285 03                  690 	.db #0x03	; 3
   0286 02                  691 	.db #0x02	; 2
   0287 03                  692 	.db #0x03	; 3
   0288 02                  693 	.db #0x02	; 2
   0289 03                  694 	.db #0x03	; 3
   028A 02                  695 	.db #0x02	; 2
   028B 03                  696 	.db #0x03	; 3
   028C 02                  697 	.db #0x02	; 2
   028D 03                  698 	.db #0x03	; 3
   028E 02                  699 	.db #0x02	; 2
   028F 03                  700 	.db #0x03	; 3
   0290 02                  701 	.db #0x02	; 2
   0291 03                  702 	.db #0x03	; 3
   0292 02                  703 	.db #0x02	; 2
   0293 03                  704 	.db #0x03	; 3
   0294 02                  705 	.db #0x02	; 2
   0295 03                  706 	.db #0x03	; 3
   0296 02                  707 	.db #0x02	; 2
   0297 03                  708 	.db #0x03	; 3
   0298 02                  709 	.db #0x02	; 2
   0299 00                  710 	.db #0x00	; 0
   029A 01                  711 	.db #0x01	; 1
   029B 03                  712 	.db #0x03	; 3
   029C 02                  713 	.db #0x02	; 2
   029D 03                  714 	.db #0x03	; 3
   029E 02                  715 	.db #0x02	; 2
   029F 03                  716 	.db #0x03	; 3
   02A0 02                  717 	.db #0x02	; 2
   02A1 03                  718 	.db #0x03	; 3
   02A2 02                  719 	.db #0x02	; 2
   02A3 03                  720 	.db #0x03	; 3
   02A4 02                  721 	.db #0x02	; 2
   02A5 03                  722 	.db #0x03	; 3
   02A6 00                  723 	.db #0x00	; 0
   02A7 01                  724 	.db #0x01	; 1
   02A8 04                  725 	.db #0x04	; 4
   02A9 05                  726 	.db #0x05	; 5
   02AA 06                  727 	.db #0x06	; 6
   02AB 07                  728 	.db #0x07	; 7
   02AC 06                  729 	.db #0x06	; 6
   02AD 07                  730 	.db #0x07	; 7
   02AE 06                  731 	.db #0x06	; 6
   02AF 07                  732 	.db #0x07	; 7
   02B0 06                  733 	.db #0x06	; 6
   02B1 07                  734 	.db #0x07	; 7
   02B2 06                  735 	.db #0x06	; 6
   02B3 07                  736 	.db #0x07	; 7
   02B4 06                  737 	.db #0x06	; 6
   02B5 07                  738 	.db #0x07	; 7
   02B6 06                  739 	.db #0x06	; 6
   02B7 07                  740 	.db #0x07	; 7
   02B8 06                  741 	.db #0x06	; 6
   02B9 07                  742 	.db #0x07	; 7
   02BA 06                  743 	.db #0x06	; 6
   02BB 07                  744 	.db #0x07	; 7
   02BC 06                  745 	.db #0x06	; 6
   02BD 07                  746 	.db #0x07	; 7
   02BE 06                  747 	.db #0x06	; 6
   02BF 07                  748 	.db #0x07	; 7
   02C0 06                  749 	.db #0x06	; 6
   02C1 04                  750 	.db #0x04	; 4
   02C2 05                  751 	.db #0x05	; 5
   02C3 07                  752 	.db #0x07	; 7
   02C4 06                  753 	.db #0x06	; 6
   02C5 07                  754 	.db #0x07	; 7
   02C6 06                  755 	.db #0x06	; 6
   02C7 07                  756 	.db #0x07	; 7
   02C8 06                  757 	.db #0x06	; 6
   02C9 07                  758 	.db #0x07	; 7
   02CA 06                  759 	.db #0x06	; 6
   02CB 07                  760 	.db #0x07	; 7
   02CC 06                  761 	.db #0x06	; 6
   02CD 07                  762 	.db #0x07	; 7
   02CE 04                  763 	.db #0x04	; 4
   02CF 05                  764 	.db #0x05	; 5
   02D0 00                  765 	.db #0x00	; 0
   02D1 01                  766 	.db #0x01	; 1
   02D2 02                  767 	.db #0x02	; 2
   02D3 03                  768 	.db #0x03	; 3
   02D4 02                  769 	.db #0x02	; 2
   02D5 03                  770 	.db #0x03	; 3
   02D6 02                  771 	.db #0x02	; 2
   02D7 03                  772 	.db #0x03	; 3
   02D8 02                  773 	.db #0x02	; 2
   02D9 03                  774 	.db #0x03	; 3
   02DA 02                  775 	.db #0x02	; 2
   02DB 03                  776 	.db #0x03	; 3
   02DC 02                  777 	.db #0x02	; 2
   02DD 03                  778 	.db #0x03	; 3
   02DE 02                  779 	.db #0x02	; 2
   02DF 03                  780 	.db #0x03	; 3
   02E0 02                  781 	.db #0x02	; 2
   02E1 03                  782 	.db #0x03	; 3
   02E2 02                  783 	.db #0x02	; 2
   02E3 03                  784 	.db #0x03	; 3
   02E4 02                  785 	.db #0x02	; 2
   02E5 03                  786 	.db #0x03	; 3
   02E6 02                  787 	.db #0x02	; 2
   02E7 03                  788 	.db #0x03	; 3
   02E8 02                  789 	.db #0x02	; 2
   02E9 00                  790 	.db #0x00	; 0
   02EA 01                  791 	.db #0x01	; 1
   02EB 03                  792 	.db #0x03	; 3
   02EC 02                  793 	.db #0x02	; 2
   02ED 03                  794 	.db #0x03	; 3
   02EE 02                  795 	.db #0x02	; 2
   02EF 03                  796 	.db #0x03	; 3
   02F0 02                  797 	.db #0x02	; 2
   02F1 03                  798 	.db #0x03	; 3
   02F2 02                  799 	.db #0x02	; 2
   02F3 03                  800 	.db #0x03	; 3
   02F4 02                  801 	.db #0x02	; 2
   02F5 03                  802 	.db #0x03	; 3
   02F6 00                  803 	.db #0x00	; 0
   02F7 01                  804 	.db #0x01	; 1
   02F8 04                  805 	.db #0x04	; 4
   02F9 05                  806 	.db #0x05	; 5
   02FA 06                  807 	.db #0x06	; 6
   02FB 07                  808 	.db #0x07	; 7
   02FC 06                  809 	.db #0x06	; 6
   02FD 07                  810 	.db #0x07	; 7
   02FE 06                  811 	.db #0x06	; 6
   02FF 07                  812 	.db #0x07	; 7
   0300 06                  813 	.db #0x06	; 6
   0301 07                  814 	.db #0x07	; 7
   0302 06                  815 	.db #0x06	; 6
   0303 07                  816 	.db #0x07	; 7
   0304 06                  817 	.db #0x06	; 6
   0305 07                  818 	.db #0x07	; 7
   0306 06                  819 	.db #0x06	; 6
   0307 07                  820 	.db #0x07	; 7
   0308 06                  821 	.db #0x06	; 6
   0309 07                  822 	.db #0x07	; 7
   030A 06                  823 	.db #0x06	; 6
   030B 07                  824 	.db #0x07	; 7
   030C 06                  825 	.db #0x06	; 6
   030D 07                  826 	.db #0x07	; 7
   030E 06                  827 	.db #0x06	; 6
   030F 07                  828 	.db #0x07	; 7
   0310 06                  829 	.db #0x06	; 6
   0311 04                  830 	.db #0x04	; 4
   0312 05                  831 	.db #0x05	; 5
   0313 07                  832 	.db #0x07	; 7
   0314 06                  833 	.db #0x06	; 6
   0315 07                  834 	.db #0x07	; 7
   0316 06                  835 	.db #0x06	; 6
   0317 07                  836 	.db #0x07	; 7
   0318 06                  837 	.db #0x06	; 6
   0319 07                  838 	.db #0x07	; 7
   031A 06                  839 	.db #0x06	; 6
   031B 07                  840 	.db #0x07	; 7
   031C 06                  841 	.db #0x06	; 6
   031D 07                  842 	.db #0x07	; 7
   031E 04                  843 	.db #0x04	; 4
   031F 05                  844 	.db #0x05	; 5
   0320 00                  845 	.db #0x00	; 0
   0321 01                  846 	.db #0x01	; 1
   0322 02                  847 	.db #0x02	; 2
   0323 03                  848 	.db #0x03	; 3
   0324 02                  849 	.db #0x02	; 2
   0325 03                  850 	.db #0x03	; 3
   0326 02                  851 	.db #0x02	; 2
   0327 03                  852 	.db #0x03	; 3
   0328 02                  853 	.db #0x02	; 2
   0329 03                  854 	.db #0x03	; 3
   032A 02                  855 	.db #0x02	; 2
   032B 03                  856 	.db #0x03	; 3
   032C 02                  857 	.db #0x02	; 2
   032D 03                  858 	.db #0x03	; 3
   032E 02                  859 	.db #0x02	; 2
   032F 03                  860 	.db #0x03	; 3
   0330 02                  861 	.db #0x02	; 2
   0331 03                  862 	.db #0x03	; 3
   0332 02                  863 	.db #0x02	; 2
   0333 03                  864 	.db #0x03	; 3
   0334 02                  865 	.db #0x02	; 2
   0335 03                  866 	.db #0x03	; 3
   0336 02                  867 	.db #0x02	; 2
   0337 03                  868 	.db #0x03	; 3
   0338 02                  869 	.db #0x02	; 2
   0339 00                  870 	.db #0x00	; 0
   033A 01                  871 	.db #0x01	; 1
   033B 03                  872 	.db #0x03	; 3
   033C 02                  873 	.db #0x02	; 2
   033D 03                  874 	.db #0x03	; 3
   033E 02                  875 	.db #0x02	; 2
   033F 03                  876 	.db #0x03	; 3
   0340 02                  877 	.db #0x02	; 2
   0341 03                  878 	.db #0x03	; 3
   0342 02                  879 	.db #0x02	; 2
   0343 03                  880 	.db #0x03	; 3
   0344 02                  881 	.db #0x02	; 2
   0345 03                  882 	.db #0x03	; 3
   0346 00                  883 	.db #0x00	; 0
   0347 01                  884 	.db #0x01	; 1
   0348 04                  885 	.db #0x04	; 4
   0349 05                  886 	.db #0x05	; 5
   034A 06                  887 	.db #0x06	; 6
   034B 07                  888 	.db #0x07	; 7
   034C 06                  889 	.db #0x06	; 6
   034D 07                  890 	.db #0x07	; 7
   034E 06                  891 	.db #0x06	; 6
   034F 07                  892 	.db #0x07	; 7
   0350 06                  893 	.db #0x06	; 6
   0351 07                  894 	.db #0x07	; 7
   0352 06                  895 	.db #0x06	; 6
   0353 07                  896 	.db #0x07	; 7
   0354 06                  897 	.db #0x06	; 6
   0355 07                  898 	.db #0x07	; 7
   0356 06                  899 	.db #0x06	; 6
   0357 07                  900 	.db #0x07	; 7
   0358 06                  901 	.db #0x06	; 6
   0359 07                  902 	.db #0x07	; 7
   035A 06                  903 	.db #0x06	; 6
   035B 07                  904 	.db #0x07	; 7
   035C 06                  905 	.db #0x06	; 6
   035D 07                  906 	.db #0x07	; 7
   035E 06                  907 	.db #0x06	; 6
   035F 07                  908 	.db #0x07	; 7
   0360 06                  909 	.db #0x06	; 6
   0361 04                  910 	.db #0x04	; 4
   0362 05                  911 	.db #0x05	; 5
   0363 07                  912 	.db #0x07	; 7
   0364 06                  913 	.db #0x06	; 6
   0365 07                  914 	.db #0x07	; 7
   0366 06                  915 	.db #0x06	; 6
   0367 07                  916 	.db #0x07	; 7
   0368 06                  917 	.db #0x06	; 6
   0369 07                  918 	.db #0x07	; 7
   036A 06                  919 	.db #0x06	; 6
   036B 07                  920 	.db #0x07	; 7
   036C 06                  921 	.db #0x06	; 6
   036D 07                  922 	.db #0x07	; 7
   036E 04                  923 	.db #0x04	; 4
   036F 05                  924 	.db #0x05	; 5
   0370 00                  925 	.db #0x00	; 0
   0371 01                  926 	.db #0x01	; 1
   0372 02                  927 	.db #0x02	; 2
   0373 03                  928 	.db #0x03	; 3
   0374 02                  929 	.db #0x02	; 2
   0375 03                  930 	.db #0x03	; 3
   0376 02                  931 	.db #0x02	; 2
   0377 03                  932 	.db #0x03	; 3
   0378 02                  933 	.db #0x02	; 2
   0379 03                  934 	.db #0x03	; 3
   037A 02                  935 	.db #0x02	; 2
   037B 03                  936 	.db #0x03	; 3
   037C 02                  937 	.db #0x02	; 2
   037D 03                  938 	.db #0x03	; 3
   037E 02                  939 	.db #0x02	; 2
   037F 03                  940 	.db #0x03	; 3
   0380 02                  941 	.db #0x02	; 2
   0381 03                  942 	.db #0x03	; 3
   0382 02                  943 	.db #0x02	; 2
   0383 03                  944 	.db #0x03	; 3
   0384 02                  945 	.db #0x02	; 2
   0385 03                  946 	.db #0x03	; 3
   0386 02                  947 	.db #0x02	; 2
   0387 03                  948 	.db #0x03	; 3
   0388 02                  949 	.db #0x02	; 2
   0389 00                  950 	.db #0x00	; 0
   038A 01                  951 	.db #0x01	; 1
   038B 03                  952 	.db #0x03	; 3
   038C 02                  953 	.db #0x02	; 2
   038D 03                  954 	.db #0x03	; 3
   038E 02                  955 	.db #0x02	; 2
   038F 03                  956 	.db #0x03	; 3
   0390 02                  957 	.db #0x02	; 2
   0391 03                  958 	.db #0x03	; 3
   0392 02                  959 	.db #0x02	; 2
   0393 03                  960 	.db #0x03	; 3
   0394 02                  961 	.db #0x02	; 2
   0395 03                  962 	.db #0x03	; 3
   0396 00                  963 	.db #0x00	; 0
   0397 01                  964 	.db #0x01	; 1
   0398 04                  965 	.db #0x04	; 4
   0399 05                  966 	.db #0x05	; 5
   039A 06                  967 	.db #0x06	; 6
   039B 07                  968 	.db #0x07	; 7
   039C 06                  969 	.db #0x06	; 6
   039D 07                  970 	.db #0x07	; 7
   039E 06                  971 	.db #0x06	; 6
   039F 07                  972 	.db #0x07	; 7
   03A0 06                  973 	.db #0x06	; 6
   03A1 07                  974 	.db #0x07	; 7
   03A2 06                  975 	.db #0x06	; 6
   03A3 07                  976 	.db #0x07	; 7
   03A4 06                  977 	.db #0x06	; 6
   03A5 07                  978 	.db #0x07	; 7
   03A6 06                  979 	.db #0x06	; 6
   03A7 07                  980 	.db #0x07	; 7
   03A8 06                  981 	.db #0x06	; 6
   03A9 07                  982 	.db #0x07	; 7
   03AA 06                  983 	.db #0x06	; 6
   03AB 07                  984 	.db #0x07	; 7
   03AC 06                  985 	.db #0x06	; 6
   03AD 07                  986 	.db #0x07	; 7
   03AE 06                  987 	.db #0x06	; 6
   03AF 07                  988 	.db #0x07	; 7
   03B0 06                  989 	.db #0x06	; 6
   03B1 04                  990 	.db #0x04	; 4
   03B2 05                  991 	.db #0x05	; 5
   03B3 07                  992 	.db #0x07	; 7
   03B4 06                  993 	.db #0x06	; 6
   03B5 07                  994 	.db #0x07	; 7
   03B6 06                  995 	.db #0x06	; 6
   03B7 07                  996 	.db #0x07	; 7
   03B8 06                  997 	.db #0x06	; 6
   03B9 07                  998 	.db #0x07	; 7
   03BA 06                  999 	.db #0x06	; 6
   03BB 07                 1000 	.db #0x07	; 7
   03BC 06                 1001 	.db #0x06	; 6
   03BD 07                 1002 	.db #0x07	; 7
   03BE 04                 1003 	.db #0x04	; 4
   03BF 05                 1004 	.db #0x05	; 5
   03C0 00                 1005 	.db #0x00	; 0
   03C1 01                 1006 	.db #0x01	; 1
   03C2 02                 1007 	.db #0x02	; 2
   03C3 03                 1008 	.db #0x03	; 3
   03C4 02                 1009 	.db #0x02	; 2
   03C5 03                 1010 	.db #0x03	; 3
   03C6 02                 1011 	.db #0x02	; 2
   03C7 03                 1012 	.db #0x03	; 3
   03C8 02                 1013 	.db #0x02	; 2
   03C9 03                 1014 	.db #0x03	; 3
   03CA 02                 1015 	.db #0x02	; 2
   03CB 03                 1016 	.db #0x03	; 3
   03CC 02                 1017 	.db #0x02	; 2
   03CD 03                 1018 	.db #0x03	; 3
   03CE 02                 1019 	.db #0x02	; 2
   03CF 03                 1020 	.db #0x03	; 3
   03D0 02                 1021 	.db #0x02	; 2
   03D1 03                 1022 	.db #0x03	; 3
   03D2 02                 1023 	.db #0x02	; 2
   03D3 03                 1024 	.db #0x03	; 3
   03D4 02                 1025 	.db #0x02	; 2
   03D5 03                 1026 	.db #0x03	; 3
   03D6 02                 1027 	.db #0x02	; 2
   03D7 03                 1028 	.db #0x03	; 3
   03D8 02                 1029 	.db #0x02	; 2
   03D9 00                 1030 	.db #0x00	; 0
   03DA 01                 1031 	.db #0x01	; 1
   03DB 03                 1032 	.db #0x03	; 3
   03DC 02                 1033 	.db #0x02	; 2
   03DD 03                 1034 	.db #0x03	; 3
   03DE 02                 1035 	.db #0x02	; 2
   03DF 03                 1036 	.db #0x03	; 3
   03E0 02                 1037 	.db #0x02	; 2
   03E1 03                 1038 	.db #0x03	; 3
   03E2 02                 1039 	.db #0x02	; 2
   03E3 03                 1040 	.db #0x03	; 3
   03E4 02                 1041 	.db #0x02	; 2
   03E5 03                 1042 	.db #0x03	; 3
   03E6 00                 1043 	.db #0x00	; 0
   03E7 01                 1044 	.db #0x01	; 1
   03E8 04                 1045 	.db #0x04	; 4
   03E9 05                 1046 	.db #0x05	; 5
   03EA 06                 1047 	.db #0x06	; 6
   03EB 07                 1048 	.db #0x07	; 7
   03EC 06                 1049 	.db #0x06	; 6
   03ED 07                 1050 	.db #0x07	; 7
   03EE 06                 1051 	.db #0x06	; 6
   03EF 07                 1052 	.db #0x07	; 7
   03F0 06                 1053 	.db #0x06	; 6
   03F1 07                 1054 	.db #0x07	; 7
   03F2 06                 1055 	.db #0x06	; 6
   03F3 07                 1056 	.db #0x07	; 7
   03F4 06                 1057 	.db #0x06	; 6
   03F5 07                 1058 	.db #0x07	; 7
   03F6 06                 1059 	.db #0x06	; 6
   03F7 07                 1060 	.db #0x07	; 7
   03F8 06                 1061 	.db #0x06	; 6
   03F9 07                 1062 	.db #0x07	; 7
   03FA 06                 1063 	.db #0x06	; 6
   03FB 07                 1064 	.db #0x07	; 7
   03FC 06                 1065 	.db #0x06	; 6
   03FD 07                 1066 	.db #0x07	; 7
   03FE 06                 1067 	.db #0x06	; 6
   03FF 07                 1068 	.db #0x07	; 7
   0400 06                 1069 	.db #0x06	; 6
   0401 04                 1070 	.db #0x04	; 4
   0402 05                 1071 	.db #0x05	; 5
   0403 07                 1072 	.db #0x07	; 7
   0404 06                 1073 	.db #0x06	; 6
   0405 07                 1074 	.db #0x07	; 7
   0406 06                 1075 	.db #0x06	; 6
   0407 07                 1076 	.db #0x07	; 7
   0408 06                 1077 	.db #0x06	; 6
   0409 07                 1078 	.db #0x07	; 7
   040A 06                 1079 	.db #0x06	; 6
   040B 07                 1080 	.db #0x07	; 7
   040C 06                 1081 	.db #0x06	; 6
   040D 07                 1082 	.db #0x07	; 7
   040E 04                 1083 	.db #0x04	; 4
   040F 05                 1084 	.db #0x05	; 5
   0410 00                 1085 	.db #0x00	; 0
   0411 01                 1086 	.db #0x01	; 1
   0412 02                 1087 	.db #0x02	; 2
   0413 03                 1088 	.db #0x03	; 3
   0414 02                 1089 	.db #0x02	; 2
   0415 03                 1090 	.db #0x03	; 3
   0416 02                 1091 	.db #0x02	; 2
   0417 03                 1092 	.db #0x03	; 3
   0418 02                 1093 	.db #0x02	; 2
   0419 03                 1094 	.db #0x03	; 3
   041A 02                 1095 	.db #0x02	; 2
   041B 03                 1096 	.db #0x03	; 3
   041C 02                 1097 	.db #0x02	; 2
   041D 03                 1098 	.db #0x03	; 3
   041E 02                 1099 	.db #0x02	; 2
   041F 03                 1100 	.db #0x03	; 3
   0420 02                 1101 	.db #0x02	; 2
   0421 03                 1102 	.db #0x03	; 3
   0422 02                 1103 	.db #0x02	; 2
   0423 03                 1104 	.db #0x03	; 3
   0424 02                 1105 	.db #0x02	; 2
   0425 03                 1106 	.db #0x03	; 3
   0426 02                 1107 	.db #0x02	; 2
   0427 03                 1108 	.db #0x03	; 3
   0428 02                 1109 	.db #0x02	; 2
   0429 00                 1110 	.db #0x00	; 0
   042A 01                 1111 	.db #0x01	; 1
   042B 03                 1112 	.db #0x03	; 3
   042C 02                 1113 	.db #0x02	; 2
   042D 03                 1114 	.db #0x03	; 3
   042E 02                 1115 	.db #0x02	; 2
   042F 03                 1116 	.db #0x03	; 3
   0430 02                 1117 	.db #0x02	; 2
   0431 03                 1118 	.db #0x03	; 3
   0432 02                 1119 	.db #0x02	; 2
   0433 03                 1120 	.db #0x03	; 3
   0434 02                 1121 	.db #0x02	; 2
   0435 03                 1122 	.db #0x03	; 3
   0436 00                 1123 	.db #0x00	; 0
   0437 01                 1124 	.db #0x01	; 1
   0438 04                 1125 	.db #0x04	; 4
   0439 05                 1126 	.db #0x05	; 5
   043A 06                 1127 	.db #0x06	; 6
   043B 07                 1128 	.db #0x07	; 7
   043C 06                 1129 	.db #0x06	; 6
   043D 07                 1130 	.db #0x07	; 7
   043E 06                 1131 	.db #0x06	; 6
   043F 07                 1132 	.db #0x07	; 7
   0440 06                 1133 	.db #0x06	; 6
   0441 07                 1134 	.db #0x07	; 7
   0442 06                 1135 	.db #0x06	; 6
   0443 07                 1136 	.db #0x07	; 7
   0444 06                 1137 	.db #0x06	; 6
   0445 07                 1138 	.db #0x07	; 7
   0446 06                 1139 	.db #0x06	; 6
   0447 07                 1140 	.db #0x07	; 7
   0448 06                 1141 	.db #0x06	; 6
   0449 07                 1142 	.db #0x07	; 7
   044A 06                 1143 	.db #0x06	; 6
   044B 07                 1144 	.db #0x07	; 7
   044C 06                 1145 	.db #0x06	; 6
   044D 07                 1146 	.db #0x07	; 7
   044E 06                 1147 	.db #0x06	; 6
   044F 07                 1148 	.db #0x07	; 7
   0450 06                 1149 	.db #0x06	; 6
   0451 04                 1150 	.db #0x04	; 4
   0452 05                 1151 	.db #0x05	; 5
   0453 07                 1152 	.db #0x07	; 7
   0454 06                 1153 	.db #0x06	; 6
   0455 07                 1154 	.db #0x07	; 7
   0456 06                 1155 	.db #0x06	; 6
   0457 07                 1156 	.db #0x07	; 7
   0458 06                 1157 	.db #0x06	; 6
   0459 07                 1158 	.db #0x07	; 7
   045A 06                 1159 	.db #0x06	; 6
   045B 07                 1160 	.db #0x07	; 7
   045C 06                 1161 	.db #0x06	; 6
   045D 07                 1162 	.db #0x07	; 7
   045E 04                 1163 	.db #0x04	; 4
   045F 05                 1164 	.db #0x05	; 5
   0460 00                 1165 	.db #0x00	; 0
   0461 01                 1166 	.db #0x01	; 1
   0462 02                 1167 	.db #0x02	; 2
   0463 03                 1168 	.db #0x03	; 3
   0464 02                 1169 	.db #0x02	; 2
   0465 03                 1170 	.db #0x03	; 3
   0466 02                 1171 	.db #0x02	; 2
   0467 03                 1172 	.db #0x03	; 3
   0468 02                 1173 	.db #0x02	; 2
   0469 03                 1174 	.db #0x03	; 3
   046A 02                 1175 	.db #0x02	; 2
   046B 03                 1176 	.db #0x03	; 3
   046C 02                 1177 	.db #0x02	; 2
   046D 03                 1178 	.db #0x03	; 3
   046E 02                 1179 	.db #0x02	; 2
   046F 03                 1180 	.db #0x03	; 3
   0470 02                 1181 	.db #0x02	; 2
   0471 03                 1182 	.db #0x03	; 3
   0472 02                 1183 	.db #0x02	; 2
   0473 03                 1184 	.db #0x03	; 3
   0474 02                 1185 	.db #0x02	; 2
   0475 03                 1186 	.db #0x03	; 3
   0476 02                 1187 	.db #0x02	; 2
   0477 03                 1188 	.db #0x03	; 3
   0478 02                 1189 	.db #0x02	; 2
   0479 00                 1190 	.db #0x00	; 0
   047A 01                 1191 	.db #0x01	; 1
   047B 03                 1192 	.db #0x03	; 3
   047C 02                 1193 	.db #0x02	; 2
   047D 03                 1194 	.db #0x03	; 3
   047E 02                 1195 	.db #0x02	; 2
   047F 03                 1196 	.db #0x03	; 3
   0480 02                 1197 	.db #0x02	; 2
   0481 03                 1198 	.db #0x03	; 3
   0482 02                 1199 	.db #0x02	; 2
   0483 03                 1200 	.db #0x03	; 3
   0484 02                 1201 	.db #0x02	; 2
   0485 03                 1202 	.db #0x03	; 3
   0486 00                 1203 	.db #0x00	; 0
   0487 01                 1204 	.db #0x01	; 1
   0488 04                 1205 	.db #0x04	; 4
   0489 05                 1206 	.db #0x05	; 5
   048A 06                 1207 	.db #0x06	; 6
   048B 07                 1208 	.db #0x07	; 7
   048C 06                 1209 	.db #0x06	; 6
   048D 07                 1210 	.db #0x07	; 7
   048E 06                 1211 	.db #0x06	; 6
   048F 07                 1212 	.db #0x07	; 7
   0490 06                 1213 	.db #0x06	; 6
   0491 07                 1214 	.db #0x07	; 7
   0492 06                 1215 	.db #0x06	; 6
   0493 07                 1216 	.db #0x07	; 7
   0494 06                 1217 	.db #0x06	; 6
   0495 07                 1218 	.db #0x07	; 7
   0496 06                 1219 	.db #0x06	; 6
   0497 07                 1220 	.db #0x07	; 7
   0498 06                 1221 	.db #0x06	; 6
   0499 07                 1222 	.db #0x07	; 7
   049A 06                 1223 	.db #0x06	; 6
   049B 07                 1224 	.db #0x07	; 7
   049C 06                 1225 	.db #0x06	; 6
   049D 07                 1226 	.db #0x07	; 7
   049E 06                 1227 	.db #0x06	; 6
   049F 07                 1228 	.db #0x07	; 7
   04A0 06                 1229 	.db #0x06	; 6
   04A1 04                 1230 	.db #0x04	; 4
   04A2 05                 1231 	.db #0x05	; 5
   04A3 07                 1232 	.db #0x07	; 7
   04A4 06                 1233 	.db #0x06	; 6
   04A5 07                 1234 	.db #0x07	; 7
   04A6 06                 1235 	.db #0x06	; 6
   04A7 07                 1236 	.db #0x07	; 7
   04A8 06                 1237 	.db #0x06	; 6
   04A9 07                 1238 	.db #0x07	; 7
   04AA 06                 1239 	.db #0x06	; 6
   04AB 07                 1240 	.db #0x07	; 7
   04AC 06                 1241 	.db #0x06	; 6
   04AD 07                 1242 	.db #0x07	; 7
   04AE 04                 1243 	.db #0x04	; 4
   04AF 05                 1244 	.db #0x05	; 5
   04B0 00                 1245 	.db #0x00	; 0
   04B1 01                 1246 	.db #0x01	; 1
   04B2 02                 1247 	.db #0x02	; 2
   04B3 03                 1248 	.db #0x03	; 3
   04B4 02                 1249 	.db #0x02	; 2
   04B5 03                 1250 	.db #0x03	; 3
   04B6 02                 1251 	.db #0x02	; 2
   04B7 03                 1252 	.db #0x03	; 3
   04B8 02                 1253 	.db #0x02	; 2
   04B9 03                 1254 	.db #0x03	; 3
   04BA 02                 1255 	.db #0x02	; 2
   04BB 03                 1256 	.db #0x03	; 3
   04BC 02                 1257 	.db #0x02	; 2
   04BD 03                 1258 	.db #0x03	; 3
   04BE 02                 1259 	.db #0x02	; 2
   04BF 03                 1260 	.db #0x03	; 3
   04C0 02                 1261 	.db #0x02	; 2
   04C1 03                 1262 	.db #0x03	; 3
   04C2 02                 1263 	.db #0x02	; 2
   04C3 03                 1264 	.db #0x03	; 3
   04C4 02                 1265 	.db #0x02	; 2
   04C5 03                 1266 	.db #0x03	; 3
   04C6 02                 1267 	.db #0x02	; 2
   04C7 03                 1268 	.db #0x03	; 3
   04C8 02                 1269 	.db #0x02	; 2
   04C9 00                 1270 	.db #0x00	; 0
   04CA 01                 1271 	.db #0x01	; 1
   04CB 03                 1272 	.db #0x03	; 3
   04CC 02                 1273 	.db #0x02	; 2
   04CD 03                 1274 	.db #0x03	; 3
   04CE 02                 1275 	.db #0x02	; 2
   04CF 03                 1276 	.db #0x03	; 3
   04D0 02                 1277 	.db #0x02	; 2
   04D1 03                 1278 	.db #0x03	; 3
   04D2 02                 1279 	.db #0x02	; 2
   04D3 03                 1280 	.db #0x03	; 3
   04D4 02                 1281 	.db #0x02	; 2
   04D5 03                 1282 	.db #0x03	; 3
   04D6 00                 1283 	.db #0x00	; 0
   04D7 01                 1284 	.db #0x01	; 1
   04D8 04                 1285 	.db #0x04	; 4
   04D9 05                 1286 	.db #0x05	; 5
   04DA 06                 1287 	.db #0x06	; 6
   04DB 07                 1288 	.db #0x07	; 7
   04DC 06                 1289 	.db #0x06	; 6
   04DD 07                 1290 	.db #0x07	; 7
   04DE 06                 1291 	.db #0x06	; 6
   04DF 07                 1292 	.db #0x07	; 7
   04E0 06                 1293 	.db #0x06	; 6
   04E1 07                 1294 	.db #0x07	; 7
   04E2 06                 1295 	.db #0x06	; 6
   04E3 07                 1296 	.db #0x07	; 7
   04E4 06                 1297 	.db #0x06	; 6
   04E5 07                 1298 	.db #0x07	; 7
   04E6 06                 1299 	.db #0x06	; 6
   04E7 07                 1300 	.db #0x07	; 7
   04E8 06                 1301 	.db #0x06	; 6
   04E9 07                 1302 	.db #0x07	; 7
   04EA 06                 1303 	.db #0x06	; 6
   04EB 07                 1304 	.db #0x07	; 7
   04EC 06                 1305 	.db #0x06	; 6
   04ED 07                 1306 	.db #0x07	; 7
   04EE 06                 1307 	.db #0x06	; 6
   04EF 07                 1308 	.db #0x07	; 7
   04F0 06                 1309 	.db #0x06	; 6
   04F1 04                 1310 	.db #0x04	; 4
   04F2 05                 1311 	.db #0x05	; 5
   04F3 07                 1312 	.db #0x07	; 7
   04F4 06                 1313 	.db #0x06	; 6
   04F5 07                 1314 	.db #0x07	; 7
   04F6 06                 1315 	.db #0x06	; 6
   04F7 07                 1316 	.db #0x07	; 7
   04F8 06                 1317 	.db #0x06	; 6
   04F9 07                 1318 	.db #0x07	; 7
   04FA 06                 1319 	.db #0x06	; 6
   04FB 07                 1320 	.db #0x07	; 7
   04FC 06                 1321 	.db #0x06	; 6
   04FD 07                 1322 	.db #0x07	; 7
   04FE 04                 1323 	.db #0x04	; 4
   04FF 05                 1324 	.db #0x05	; 5
   0500 00                 1325 	.db #0x00	; 0
   0501 01                 1326 	.db #0x01	; 1
   0502 02                 1327 	.db #0x02	; 2
   0503 03                 1328 	.db #0x03	; 3
   0504 02                 1329 	.db #0x02	; 2
   0505 03                 1330 	.db #0x03	; 3
   0506 02                 1331 	.db #0x02	; 2
   0507 03                 1332 	.db #0x03	; 3
   0508 02                 1333 	.db #0x02	; 2
   0509 03                 1334 	.db #0x03	; 3
   050A 02                 1335 	.db #0x02	; 2
   050B 03                 1336 	.db #0x03	; 3
   050C 02                 1337 	.db #0x02	; 2
   050D 03                 1338 	.db #0x03	; 3
   050E 02                 1339 	.db #0x02	; 2
   050F 03                 1340 	.db #0x03	; 3
   0510 02                 1341 	.db #0x02	; 2
   0511 03                 1342 	.db #0x03	; 3
   0512 02                 1343 	.db #0x02	; 2
   0513 03                 1344 	.db #0x03	; 3
   0514 02                 1345 	.db #0x02	; 2
   0515 03                 1346 	.db #0x03	; 3
   0516 02                 1347 	.db #0x02	; 2
   0517 03                 1348 	.db #0x03	; 3
   0518 02                 1349 	.db #0x02	; 2
   0519 00                 1350 	.db #0x00	; 0
   051A 01                 1351 	.db #0x01	; 1
   051B 03                 1352 	.db #0x03	; 3
   051C 02                 1353 	.db #0x02	; 2
   051D 03                 1354 	.db #0x03	; 3
   051E 02                 1355 	.db #0x02	; 2
   051F 03                 1356 	.db #0x03	; 3
   0520 02                 1357 	.db #0x02	; 2
   0521 03                 1358 	.db #0x03	; 3
   0522 02                 1359 	.db #0x02	; 2
   0523 03                 1360 	.db #0x03	; 3
   0524 02                 1361 	.db #0x02	; 2
   0525 03                 1362 	.db #0x03	; 3
   0526 00                 1363 	.db #0x00	; 0
   0527 01                 1364 	.db #0x01	; 1
   0528 04                 1365 	.db #0x04	; 4
   0529 05                 1366 	.db #0x05	; 5
   052A 06                 1367 	.db #0x06	; 6
   052B 07                 1368 	.db #0x07	; 7
   052C 06                 1369 	.db #0x06	; 6
   052D 07                 1370 	.db #0x07	; 7
   052E 06                 1371 	.db #0x06	; 6
   052F 07                 1372 	.db #0x07	; 7
   0530 06                 1373 	.db #0x06	; 6
   0531 07                 1374 	.db #0x07	; 7
   0532 06                 1375 	.db #0x06	; 6
   0533 07                 1376 	.db #0x07	; 7
   0534 06                 1377 	.db #0x06	; 6
   0535 07                 1378 	.db #0x07	; 7
   0536 06                 1379 	.db #0x06	; 6
   0537 07                 1380 	.db #0x07	; 7
   0538 06                 1381 	.db #0x06	; 6
   0539 07                 1382 	.db #0x07	; 7
   053A 06                 1383 	.db #0x06	; 6
   053B 07                 1384 	.db #0x07	; 7
   053C 06                 1385 	.db #0x06	; 6
   053D 07                 1386 	.db #0x07	; 7
   053E 06                 1387 	.db #0x06	; 6
   053F 07                 1388 	.db #0x07	; 7
   0540 06                 1389 	.db #0x06	; 6
   0541 04                 1390 	.db #0x04	; 4
   0542 05                 1391 	.db #0x05	; 5
   0543 07                 1392 	.db #0x07	; 7
   0544 06                 1393 	.db #0x06	; 6
   0545 07                 1394 	.db #0x07	; 7
   0546 06                 1395 	.db #0x06	; 6
   0547 07                 1396 	.db #0x07	; 7
   0548 06                 1397 	.db #0x06	; 6
   0549 07                 1398 	.db #0x07	; 7
   054A 06                 1399 	.db #0x06	; 6
   054B 07                 1400 	.db #0x07	; 7
   054C 06                 1401 	.db #0x06	; 6
   054D 07                 1402 	.db #0x07	; 7
   054E 04                 1403 	.db #0x04	; 4
   054F 05                 1404 	.db #0x05	; 5
   0550 00                 1405 	.db #0x00	; 0
   0551 01                 1406 	.db #0x01	; 1
   0552 02                 1407 	.db #0x02	; 2
   0553 03                 1408 	.db #0x03	; 3
   0554 02                 1409 	.db #0x02	; 2
   0555 03                 1410 	.db #0x03	; 3
   0556 02                 1411 	.db #0x02	; 2
   0557 03                 1412 	.db #0x03	; 3
   0558 02                 1413 	.db #0x02	; 2
   0559 03                 1414 	.db #0x03	; 3
   055A 02                 1415 	.db #0x02	; 2
   055B 03                 1416 	.db #0x03	; 3
   055C 02                 1417 	.db #0x02	; 2
   055D 03                 1418 	.db #0x03	; 3
   055E 02                 1419 	.db #0x02	; 2
   055F 03                 1420 	.db #0x03	; 3
   0560 02                 1421 	.db #0x02	; 2
   0561 03                 1422 	.db #0x03	; 3
   0562 02                 1423 	.db #0x02	; 2
   0563 03                 1424 	.db #0x03	; 3
   0564 02                 1425 	.db #0x02	; 2
   0565 03                 1426 	.db #0x03	; 3
   0566 02                 1427 	.db #0x02	; 2
   0567 03                 1428 	.db #0x03	; 3
   0568 02                 1429 	.db #0x02	; 2
   0569 00                 1430 	.db #0x00	; 0
   056A 01                 1431 	.db #0x01	; 1
   056B 03                 1432 	.db #0x03	; 3
   056C 02                 1433 	.db #0x02	; 2
   056D 03                 1434 	.db #0x03	; 3
   056E 02                 1435 	.db #0x02	; 2
   056F 03                 1436 	.db #0x03	; 3
   0570 02                 1437 	.db #0x02	; 2
   0571 03                 1438 	.db #0x03	; 3
   0572 02                 1439 	.db #0x02	; 2
   0573 03                 1440 	.db #0x03	; 3
   0574 02                 1441 	.db #0x02	; 2
   0575 03                 1442 	.db #0x03	; 3
   0576 00                 1443 	.db #0x00	; 0
   0577 01                 1444 	.db #0x01	; 1
   0578 04                 1445 	.db #0x04	; 4
   0579 05                 1446 	.db #0x05	; 5
   057A 06                 1447 	.db #0x06	; 6
   057B 07                 1448 	.db #0x07	; 7
   057C 06                 1449 	.db #0x06	; 6
   057D 07                 1450 	.db #0x07	; 7
   057E 06                 1451 	.db #0x06	; 6
   057F 07                 1452 	.db #0x07	; 7
   0580 06                 1453 	.db #0x06	; 6
   0581 07                 1454 	.db #0x07	; 7
   0582 06                 1455 	.db #0x06	; 6
   0583 07                 1456 	.db #0x07	; 7
   0584 06                 1457 	.db #0x06	; 6
   0585 07                 1458 	.db #0x07	; 7
   0586 06                 1459 	.db #0x06	; 6
   0587 07                 1460 	.db #0x07	; 7
   0588 06                 1461 	.db #0x06	; 6
   0589 07                 1462 	.db #0x07	; 7
   058A 06                 1463 	.db #0x06	; 6
   058B 07                 1464 	.db #0x07	; 7
   058C 06                 1465 	.db #0x06	; 6
   058D 07                 1466 	.db #0x07	; 7
   058E 06                 1467 	.db #0x06	; 6
   058F 07                 1468 	.db #0x07	; 7
   0590 06                 1469 	.db #0x06	; 6
   0591 04                 1470 	.db #0x04	; 4
   0592 05                 1471 	.db #0x05	; 5
   0593 07                 1472 	.db #0x07	; 7
   0594 06                 1473 	.db #0x06	; 6
   0595 07                 1474 	.db #0x07	; 7
   0596 06                 1475 	.db #0x06	; 6
   0597 07                 1476 	.db #0x07	; 7
   0598 06                 1477 	.db #0x06	; 6
   0599 07                 1478 	.db #0x07	; 7
   059A 06                 1479 	.db #0x06	; 6
   059B 07                 1480 	.db #0x07	; 7
   059C 06                 1481 	.db #0x06	; 6
   059D 07                 1482 	.db #0x07	; 7
   059E 04                 1483 	.db #0x04	; 4
   059F 05                 1484 	.db #0x05	; 5
   05A0 00                 1485 	.db #0x00	; 0
   05A1 01                 1486 	.db #0x01	; 1
   05A2 02                 1487 	.db #0x02	; 2
   05A3 03                 1488 	.db #0x03	; 3
   05A4 02                 1489 	.db #0x02	; 2
   05A5 03                 1490 	.db #0x03	; 3
   05A6 02                 1491 	.db #0x02	; 2
   05A7 03                 1492 	.db #0x03	; 3
   05A8 02                 1493 	.db #0x02	; 2
   05A9 03                 1494 	.db #0x03	; 3
   05AA 02                 1495 	.db #0x02	; 2
   05AB 03                 1496 	.db #0x03	; 3
   05AC 02                 1497 	.db #0x02	; 2
   05AD 03                 1498 	.db #0x03	; 3
   05AE 02                 1499 	.db #0x02	; 2
   05AF 03                 1500 	.db #0x03	; 3
   05B0 02                 1501 	.db #0x02	; 2
   05B1 03                 1502 	.db #0x03	; 3
   05B2 02                 1503 	.db #0x02	; 2
   05B3 03                 1504 	.db #0x03	; 3
   05B4 02                 1505 	.db #0x02	; 2
   05B5 03                 1506 	.db #0x03	; 3
   05B6 02                 1507 	.db #0x02	; 2
   05B7 03                 1508 	.db #0x03	; 3
   05B8 02                 1509 	.db #0x02	; 2
   05B9 00                 1510 	.db #0x00	; 0
   05BA 01                 1511 	.db #0x01	; 1
   05BB 03                 1512 	.db #0x03	; 3
   05BC 02                 1513 	.db #0x02	; 2
   05BD 03                 1514 	.db #0x03	; 3
   05BE 02                 1515 	.db #0x02	; 2
   05BF 03                 1516 	.db #0x03	; 3
   05C0 02                 1517 	.db #0x02	; 2
   05C1 03                 1518 	.db #0x03	; 3
   05C2 02                 1519 	.db #0x02	; 2
   05C3 03                 1520 	.db #0x03	; 3
   05C4 02                 1521 	.db #0x02	; 2
   05C5 03                 1522 	.db #0x03	; 3
   05C6 00                 1523 	.db #0x00	; 0
   05C7 01                 1524 	.db #0x01	; 1
   05C8 04                 1525 	.db #0x04	; 4
   05C9 05                 1526 	.db #0x05	; 5
   05CA 06                 1527 	.db #0x06	; 6
   05CB 07                 1528 	.db #0x07	; 7
   05CC 06                 1529 	.db #0x06	; 6
   05CD 07                 1530 	.db #0x07	; 7
   05CE 06                 1531 	.db #0x06	; 6
   05CF 07                 1532 	.db #0x07	; 7
   05D0 06                 1533 	.db #0x06	; 6
   05D1 07                 1534 	.db #0x07	; 7
   05D2 06                 1535 	.db #0x06	; 6
   05D3 07                 1536 	.db #0x07	; 7
   05D4 06                 1537 	.db #0x06	; 6
   05D5 07                 1538 	.db #0x07	; 7
   05D6 06                 1539 	.db #0x06	; 6
   05D7 07                 1540 	.db #0x07	; 7
   05D8 06                 1541 	.db #0x06	; 6
   05D9 07                 1542 	.db #0x07	; 7
   05DA 06                 1543 	.db #0x06	; 6
   05DB 07                 1544 	.db #0x07	; 7
   05DC 06                 1545 	.db #0x06	; 6
   05DD 07                 1546 	.db #0x07	; 7
   05DE 06                 1547 	.db #0x06	; 6
   05DF 07                 1548 	.db #0x07	; 7
   05E0 06                 1549 	.db #0x06	; 6
   05E1 04                 1550 	.db #0x04	; 4
   05E2 05                 1551 	.db #0x05	; 5
   05E3 07                 1552 	.db #0x07	; 7
   05E4 06                 1553 	.db #0x06	; 6
   05E5 07                 1554 	.db #0x07	; 7
   05E6 06                 1555 	.db #0x06	; 6
   05E7 07                 1556 	.db #0x07	; 7
   05E8 06                 1557 	.db #0x06	; 6
   05E9 07                 1558 	.db #0x07	; 7
   05EA 06                 1559 	.db #0x06	; 6
   05EB 07                 1560 	.db #0x07	; 7
   05EC 06                 1561 	.db #0x06	; 6
   05ED 07                 1562 	.db #0x07	; 7
   05EE 04                 1563 	.db #0x04	; 4
   05EF 05                 1564 	.db #0x05	; 5
   05F0 00                 1565 	.db #0x00	; 0
   05F1 01                 1566 	.db #0x01	; 1
   05F2 02                 1567 	.db #0x02	; 2
   05F3 03                 1568 	.db #0x03	; 3
   05F4 02                 1569 	.db #0x02	; 2
   05F5 03                 1570 	.db #0x03	; 3
   05F6 02                 1571 	.db #0x02	; 2
   05F7 03                 1572 	.db #0x03	; 3
   05F8 02                 1573 	.db #0x02	; 2
   05F9 03                 1574 	.db #0x03	; 3
   05FA 02                 1575 	.db #0x02	; 2
   05FB 03                 1576 	.db #0x03	; 3
   05FC 02                 1577 	.db #0x02	; 2
   05FD 03                 1578 	.db #0x03	; 3
   05FE 02                 1579 	.db #0x02	; 2
   05FF 03                 1580 	.db #0x03	; 3
   0600 02                 1581 	.db #0x02	; 2
   0601 03                 1582 	.db #0x03	; 3
   0602 02                 1583 	.db #0x02	; 2
   0603 03                 1584 	.db #0x03	; 3
   0604 02                 1585 	.db #0x02	; 2
   0605 03                 1586 	.db #0x03	; 3
   0606 02                 1587 	.db #0x02	; 2
   0607 03                 1588 	.db #0x03	; 3
   0608 02                 1589 	.db #0x02	; 2
   0609 00                 1590 	.db #0x00	; 0
   060A 01                 1591 	.db #0x01	; 1
   060B 03                 1592 	.db #0x03	; 3
   060C 02                 1593 	.db #0x02	; 2
   060D 03                 1594 	.db #0x03	; 3
   060E 02                 1595 	.db #0x02	; 2
   060F 03                 1596 	.db #0x03	; 3
   0610 02                 1597 	.db #0x02	; 2
   0611 03                 1598 	.db #0x03	; 3
   0612 02                 1599 	.db #0x02	; 2
   0613 03                 1600 	.db #0x03	; 3
   0614 02                 1601 	.db #0x02	; 2
   0615 03                 1602 	.db #0x03	; 3
   0616 00                 1603 	.db #0x00	; 0
   0617 01                 1604 	.db #0x01	; 1
   0618 04                 1605 	.db #0x04	; 4
   0619 05                 1606 	.db #0x05	; 5
   061A 06                 1607 	.db #0x06	; 6
   061B 07                 1608 	.db #0x07	; 7
   061C 06                 1609 	.db #0x06	; 6
   061D 07                 1610 	.db #0x07	; 7
   061E 06                 1611 	.db #0x06	; 6
   061F 07                 1612 	.db #0x07	; 7
   0620 06                 1613 	.db #0x06	; 6
   0621 07                 1614 	.db #0x07	; 7
   0622 06                 1615 	.db #0x06	; 6
   0623 07                 1616 	.db #0x07	; 7
   0624 06                 1617 	.db #0x06	; 6
   0625 07                 1618 	.db #0x07	; 7
   0626 06                 1619 	.db #0x06	; 6
   0627 07                 1620 	.db #0x07	; 7
   0628 06                 1621 	.db #0x06	; 6
   0629 07                 1622 	.db #0x07	; 7
   062A 06                 1623 	.db #0x06	; 6
   062B 07                 1624 	.db #0x07	; 7
   062C 06                 1625 	.db #0x06	; 6
   062D 07                 1626 	.db #0x07	; 7
   062E 06                 1627 	.db #0x06	; 6
   062F 07                 1628 	.db #0x07	; 7
   0630 06                 1629 	.db #0x06	; 6
   0631 04                 1630 	.db #0x04	; 4
   0632 05                 1631 	.db #0x05	; 5
   0633 07                 1632 	.db #0x07	; 7
   0634 06                 1633 	.db #0x06	; 6
   0635 07                 1634 	.db #0x07	; 7
   0636 06                 1635 	.db #0x06	; 6
   0637 07                 1636 	.db #0x07	; 7
   0638 06                 1637 	.db #0x06	; 6
   0639 07                 1638 	.db #0x07	; 7
   063A 06                 1639 	.db #0x06	; 6
   063B 07                 1640 	.db #0x07	; 7
   063C 06                 1641 	.db #0x06	; 6
   063D 07                 1642 	.db #0x07	; 7
   063E 04                 1643 	.db #0x04	; 4
   063F 05                 1644 	.db #0x05	; 5
   0640 00                 1645 	.db #0x00	; 0
   0641 01                 1646 	.db #0x01	; 1
   0642 02                 1647 	.db #0x02	; 2
   0643 03                 1648 	.db #0x03	; 3
   0644 02                 1649 	.db #0x02	; 2
   0645 03                 1650 	.db #0x03	; 3
   0646 02                 1651 	.db #0x02	; 2
   0647 03                 1652 	.db #0x03	; 3
   0648 02                 1653 	.db #0x02	; 2
   0649 03                 1654 	.db #0x03	; 3
   064A 02                 1655 	.db #0x02	; 2
   064B 03                 1656 	.db #0x03	; 3
   064C 02                 1657 	.db #0x02	; 2
   064D 03                 1658 	.db #0x03	; 3
   064E 02                 1659 	.db #0x02	; 2
   064F 03                 1660 	.db #0x03	; 3
   0650 02                 1661 	.db #0x02	; 2
   0651 03                 1662 	.db #0x03	; 3
   0652 02                 1663 	.db #0x02	; 2
   0653 03                 1664 	.db #0x03	; 3
   0654 02                 1665 	.db #0x02	; 2
   0655 03                 1666 	.db #0x03	; 3
   0656 02                 1667 	.db #0x02	; 2
   0657 03                 1668 	.db #0x03	; 3
   0658 02                 1669 	.db #0x02	; 2
   0659 00                 1670 	.db #0x00	; 0
   065A 01                 1671 	.db #0x01	; 1
   065B 03                 1672 	.db #0x03	; 3
   065C 02                 1673 	.db #0x02	; 2
   065D 03                 1674 	.db #0x03	; 3
   065E 02                 1675 	.db #0x02	; 2
   065F 03                 1676 	.db #0x03	; 3
   0660 02                 1677 	.db #0x02	; 2
   0661 03                 1678 	.db #0x03	; 3
   0662 02                 1679 	.db #0x02	; 2
   0663 03                 1680 	.db #0x03	; 3
   0664 02                 1681 	.db #0x02	; 2
   0665 03                 1682 	.db #0x03	; 3
   0666 00                 1683 	.db #0x00	; 0
   0667 01                 1684 	.db #0x01	; 1
   0668 04                 1685 	.db #0x04	; 4
   0669 05                 1686 	.db #0x05	; 5
   066A 06                 1687 	.db #0x06	; 6
   066B 07                 1688 	.db #0x07	; 7
   066C 06                 1689 	.db #0x06	; 6
   066D 07                 1690 	.db #0x07	; 7
   066E 06                 1691 	.db #0x06	; 6
   066F 07                 1692 	.db #0x07	; 7
   0670 06                 1693 	.db #0x06	; 6
   0671 07                 1694 	.db #0x07	; 7
   0672 06                 1695 	.db #0x06	; 6
   0673 07                 1696 	.db #0x07	; 7
   0674 06                 1697 	.db #0x06	; 6
   0675 07                 1698 	.db #0x07	; 7
   0676 06                 1699 	.db #0x06	; 6
   0677 07                 1700 	.db #0x07	; 7
   0678 06                 1701 	.db #0x06	; 6
   0679 07                 1702 	.db #0x07	; 7
   067A 06                 1703 	.db #0x06	; 6
   067B 07                 1704 	.db #0x07	; 7
   067C 06                 1705 	.db #0x06	; 6
   067D 07                 1706 	.db #0x07	; 7
   067E 06                 1707 	.db #0x06	; 6
   067F 07                 1708 	.db #0x07	; 7
   0680 06                 1709 	.db #0x06	; 6
   0681 04                 1710 	.db #0x04	; 4
   0682 05                 1711 	.db #0x05	; 5
   0683 07                 1712 	.db #0x07	; 7
   0684 06                 1713 	.db #0x06	; 6
   0685 07                 1714 	.db #0x07	; 7
   0686 06                 1715 	.db #0x06	; 6
   0687 07                 1716 	.db #0x07	; 7
   0688 06                 1717 	.db #0x06	; 6
   0689 07                 1718 	.db #0x07	; 7
   068A 06                 1719 	.db #0x06	; 6
   068B 07                 1720 	.db #0x07	; 7
   068C 06                 1721 	.db #0x06	; 6
   068D 07                 1722 	.db #0x07	; 7
   068E 04                 1723 	.db #0x04	; 4
   068F 05                 1724 	.db #0x05	; 5
   0690 00                 1725 	.db #0x00	; 0
   0691 01                 1726 	.db #0x01	; 1
   0692 02                 1727 	.db #0x02	; 2
   0693 03                 1728 	.db #0x03	; 3
   0694 02                 1729 	.db #0x02	; 2
   0695 03                 1730 	.db #0x03	; 3
   0696 02                 1731 	.db #0x02	; 2
   0697 03                 1732 	.db #0x03	; 3
   0698 02                 1733 	.db #0x02	; 2
   0699 03                 1734 	.db #0x03	; 3
   069A 02                 1735 	.db #0x02	; 2
   069B 03                 1736 	.db #0x03	; 3
   069C 02                 1737 	.db #0x02	; 2
   069D 03                 1738 	.db #0x03	; 3
   069E 02                 1739 	.db #0x02	; 2
   069F 03                 1740 	.db #0x03	; 3
   06A0 02                 1741 	.db #0x02	; 2
   06A1 03                 1742 	.db #0x03	; 3
   06A2 02                 1743 	.db #0x02	; 2
   06A3 03                 1744 	.db #0x03	; 3
   06A4 02                 1745 	.db #0x02	; 2
   06A5 03                 1746 	.db #0x03	; 3
   06A6 02                 1747 	.db #0x02	; 2
   06A7 03                 1748 	.db #0x03	; 3
   06A8 02                 1749 	.db #0x02	; 2
   06A9 00                 1750 	.db #0x00	; 0
   06AA 01                 1751 	.db #0x01	; 1
   06AB 03                 1752 	.db #0x03	; 3
   06AC 02                 1753 	.db #0x02	; 2
   06AD 03                 1754 	.db #0x03	; 3
   06AE 02                 1755 	.db #0x02	; 2
   06AF 03                 1756 	.db #0x03	; 3
   06B0 02                 1757 	.db #0x02	; 2
   06B1 03                 1758 	.db #0x03	; 3
   06B2 02                 1759 	.db #0x02	; 2
   06B3 03                 1760 	.db #0x03	; 3
   06B4 02                 1761 	.db #0x02	; 2
   06B5 03                 1762 	.db #0x03	; 3
   06B6 00                 1763 	.db #0x00	; 0
   06B7 01                 1764 	.db #0x01	; 1
   06B8 04                 1765 	.db #0x04	; 4
   06B9 05                 1766 	.db #0x05	; 5
   06BA 06                 1767 	.db #0x06	; 6
   06BB 07                 1768 	.db #0x07	; 7
   06BC 06                 1769 	.db #0x06	; 6
   06BD 07                 1770 	.db #0x07	; 7
   06BE 06                 1771 	.db #0x06	; 6
   06BF 07                 1772 	.db #0x07	; 7
   06C0 06                 1773 	.db #0x06	; 6
   06C1 07                 1774 	.db #0x07	; 7
   06C2 06                 1775 	.db #0x06	; 6
   06C3 07                 1776 	.db #0x07	; 7
   06C4 06                 1777 	.db #0x06	; 6
   06C5 07                 1778 	.db #0x07	; 7
   06C6 06                 1779 	.db #0x06	; 6
   06C7 07                 1780 	.db #0x07	; 7
   06C8 06                 1781 	.db #0x06	; 6
   06C9 07                 1782 	.db #0x07	; 7
   06CA 06                 1783 	.db #0x06	; 6
   06CB 07                 1784 	.db #0x07	; 7
   06CC 06                 1785 	.db #0x06	; 6
   06CD 07                 1786 	.db #0x07	; 7
   06CE 06                 1787 	.db #0x06	; 6
   06CF 07                 1788 	.db #0x07	; 7
   06D0 06                 1789 	.db #0x06	; 6
   06D1 04                 1790 	.db #0x04	; 4
   06D2 05                 1791 	.db #0x05	; 5
   06D3 07                 1792 	.db #0x07	; 7
   06D4 06                 1793 	.db #0x06	; 6
   06D5 07                 1794 	.db #0x07	; 7
   06D6 06                 1795 	.db #0x06	; 6
   06D7 07                 1796 	.db #0x07	; 7
   06D8 06                 1797 	.db #0x06	; 6
   06D9 07                 1798 	.db #0x07	; 7
   06DA 06                 1799 	.db #0x06	; 6
   06DB 07                 1800 	.db #0x07	; 7
   06DC 06                 1801 	.db #0x06	; 6
   06DD 07                 1802 	.db #0x07	; 7
   06DE 04                 1803 	.db #0x04	; 4
   06DF 05                 1804 	.db #0x05	; 5
   06E0 00                 1805 	.db #0x00	; 0
   06E1 01                 1806 	.db #0x01	; 1
   06E2 02                 1807 	.db #0x02	; 2
   06E3 03                 1808 	.db #0x03	; 3
   06E4 02                 1809 	.db #0x02	; 2
   06E5 03                 1810 	.db #0x03	; 3
   06E6 02                 1811 	.db #0x02	; 2
   06E7 03                 1812 	.db #0x03	; 3
   06E8 02                 1813 	.db #0x02	; 2
   06E9 03                 1814 	.db #0x03	; 3
   06EA 02                 1815 	.db #0x02	; 2
   06EB 03                 1816 	.db #0x03	; 3
   06EC 02                 1817 	.db #0x02	; 2
   06ED 03                 1818 	.db #0x03	; 3
   06EE 02                 1819 	.db #0x02	; 2
   06EF 03                 1820 	.db #0x03	; 3
   06F0 02                 1821 	.db #0x02	; 2
   06F1 03                 1822 	.db #0x03	; 3
   06F2 02                 1823 	.db #0x02	; 2
   06F3 03                 1824 	.db #0x03	; 3
   06F4 02                 1825 	.db #0x02	; 2
   06F5 03                 1826 	.db #0x03	; 3
   06F6 02                 1827 	.db #0x02	; 2
   06F7 03                 1828 	.db #0x03	; 3
   06F8 02                 1829 	.db #0x02	; 2
   06F9 00                 1830 	.db #0x00	; 0
   06FA 01                 1831 	.db #0x01	; 1
   06FB 03                 1832 	.db #0x03	; 3
   06FC 02                 1833 	.db #0x02	; 2
   06FD 03                 1834 	.db #0x03	; 3
   06FE 02                 1835 	.db #0x02	; 2
   06FF 03                 1836 	.db #0x03	; 3
   0700 02                 1837 	.db #0x02	; 2
   0701 03                 1838 	.db #0x03	; 3
   0702 02                 1839 	.db #0x02	; 2
   0703 03                 1840 	.db #0x03	; 3
   0704 02                 1841 	.db #0x02	; 2
   0705 03                 1842 	.db #0x03	; 3
   0706 00                 1843 	.db #0x00	; 0
   0707 01                 1844 	.db #0x01	; 1
   0708 04                 1845 	.db #0x04	; 4
   0709 05                 1846 	.db #0x05	; 5
   070A 06                 1847 	.db #0x06	; 6
   070B 07                 1848 	.db #0x07	; 7
   070C 06                 1849 	.db #0x06	; 6
   070D 07                 1850 	.db #0x07	; 7
   070E 06                 1851 	.db #0x06	; 6
   070F 07                 1852 	.db #0x07	; 7
   0710 06                 1853 	.db #0x06	; 6
   0711 07                 1854 	.db #0x07	; 7
   0712 06                 1855 	.db #0x06	; 6
   0713 07                 1856 	.db #0x07	; 7
   0714 06                 1857 	.db #0x06	; 6
   0715 07                 1858 	.db #0x07	; 7
   0716 06                 1859 	.db #0x06	; 6
   0717 07                 1860 	.db #0x07	; 7
   0718 06                 1861 	.db #0x06	; 6
   0719 07                 1862 	.db #0x07	; 7
   071A 06                 1863 	.db #0x06	; 6
   071B 07                 1864 	.db #0x07	; 7
   071C 06                 1865 	.db #0x06	; 6
   071D 07                 1866 	.db #0x07	; 7
   071E 06                 1867 	.db #0x06	; 6
   071F 07                 1868 	.db #0x07	; 7
   0720 06                 1869 	.db #0x06	; 6
   0721 04                 1870 	.db #0x04	; 4
   0722 05                 1871 	.db #0x05	; 5
   0723 07                 1872 	.db #0x07	; 7
   0724 06                 1873 	.db #0x06	; 6
   0725 07                 1874 	.db #0x07	; 7
   0726 06                 1875 	.db #0x06	; 6
   0727 07                 1876 	.db #0x07	; 7
   0728 06                 1877 	.db #0x06	; 6
   0729 07                 1878 	.db #0x07	; 7
   072A 06                 1879 	.db #0x06	; 6
   072B 07                 1880 	.db #0x07	; 7
   072C 06                 1881 	.db #0x06	; 6
   072D 07                 1882 	.db #0x07	; 7
   072E 04                 1883 	.db #0x04	; 4
   072F 05                 1884 	.db #0x05	; 5
   0730 00                 1885 	.db #0x00	; 0
   0731 01                 1886 	.db #0x01	; 1
   0732 02                 1887 	.db #0x02	; 2
   0733 03                 1888 	.db #0x03	; 3
   0734 02                 1889 	.db #0x02	; 2
   0735 03                 1890 	.db #0x03	; 3
   0736 02                 1891 	.db #0x02	; 2
   0737 03                 1892 	.db #0x03	; 3
   0738 02                 1893 	.db #0x02	; 2
   0739 03                 1894 	.db #0x03	; 3
   073A 02                 1895 	.db #0x02	; 2
   073B 03                 1896 	.db #0x03	; 3
   073C 02                 1897 	.db #0x02	; 2
   073D 03                 1898 	.db #0x03	; 3
   073E 02                 1899 	.db #0x02	; 2
   073F 03                 1900 	.db #0x03	; 3
   0740 02                 1901 	.db #0x02	; 2
   0741 03                 1902 	.db #0x03	; 3
   0742 02                 1903 	.db #0x02	; 2
   0743 03                 1904 	.db #0x03	; 3
   0744 02                 1905 	.db #0x02	; 2
   0745 03                 1906 	.db #0x03	; 3
   0746 02                 1907 	.db #0x02	; 2
   0747 03                 1908 	.db #0x03	; 3
   0748 02                 1909 	.db #0x02	; 2
   0749 00                 1910 	.db #0x00	; 0
   074A 01                 1911 	.db #0x01	; 1
   074B 03                 1912 	.db #0x03	; 3
   074C 02                 1913 	.db #0x02	; 2
   074D 03                 1914 	.db #0x03	; 3
   074E 02                 1915 	.db #0x02	; 2
   074F 03                 1916 	.db #0x03	; 3
   0750 02                 1917 	.db #0x02	; 2
   0751 03                 1918 	.db #0x03	; 3
   0752 02                 1919 	.db #0x02	; 2
   0753 03                 1920 	.db #0x03	; 3
   0754 02                 1921 	.db #0x02	; 2
   0755 03                 1922 	.db #0x03	; 3
   0756 00                 1923 	.db #0x00	; 0
   0757 01                 1924 	.db #0x01	; 1
   0758 04                 1925 	.db #0x04	; 4
   0759 05                 1926 	.db #0x05	; 5
   075A 06                 1927 	.db #0x06	; 6
   075B 07                 1928 	.db #0x07	; 7
   075C 06                 1929 	.db #0x06	; 6
   075D 07                 1930 	.db #0x07	; 7
   075E 06                 1931 	.db #0x06	; 6
   075F 07                 1932 	.db #0x07	; 7
   0760 06                 1933 	.db #0x06	; 6
   0761 07                 1934 	.db #0x07	; 7
   0762 06                 1935 	.db #0x06	; 6
   0763 07                 1936 	.db #0x07	; 7
   0764 06                 1937 	.db #0x06	; 6
   0765 07                 1938 	.db #0x07	; 7
   0766 06                 1939 	.db #0x06	; 6
   0767 07                 1940 	.db #0x07	; 7
   0768 06                 1941 	.db #0x06	; 6
   0769 07                 1942 	.db #0x07	; 7
   076A 06                 1943 	.db #0x06	; 6
   076B 07                 1944 	.db #0x07	; 7
   076C 06                 1945 	.db #0x06	; 6
   076D 07                 1946 	.db #0x07	; 7
   076E 06                 1947 	.db #0x06	; 6
   076F 07                 1948 	.db #0x07	; 7
   0770 06                 1949 	.db #0x06	; 6
   0771 04                 1950 	.db #0x04	; 4
   0772 05                 1951 	.db #0x05	; 5
   0773 07                 1952 	.db #0x07	; 7
   0774 06                 1953 	.db #0x06	; 6
   0775 07                 1954 	.db #0x07	; 7
   0776 06                 1955 	.db #0x06	; 6
   0777 07                 1956 	.db #0x07	; 7
   0778 06                 1957 	.db #0x06	; 6
   0779 07                 1958 	.db #0x07	; 7
   077A 06                 1959 	.db #0x06	; 6
   077B 07                 1960 	.db #0x07	; 7
   077C 06                 1961 	.db #0x06	; 6
   077D 07                 1962 	.db #0x07	; 7
   077E 04                 1963 	.db #0x04	; 4
   077F 05                 1964 	.db #0x05	; 5
   0780 00                 1965 	.db #0x00	; 0
   0781 01                 1966 	.db #0x01	; 1
   0782 02                 1967 	.db #0x02	; 2
   0783 03                 1968 	.db #0x03	; 3
   0784 02                 1969 	.db #0x02	; 2
   0785 03                 1970 	.db #0x03	; 3
   0786 02                 1971 	.db #0x02	; 2
   0787 03                 1972 	.db #0x03	; 3
   0788 02                 1973 	.db #0x02	; 2
   0789 03                 1974 	.db #0x03	; 3
   078A 02                 1975 	.db #0x02	; 2
   078B 03                 1976 	.db #0x03	; 3
   078C 02                 1977 	.db #0x02	; 2
   078D 03                 1978 	.db #0x03	; 3
   078E 02                 1979 	.db #0x02	; 2
   078F 03                 1980 	.db #0x03	; 3
   0790 02                 1981 	.db #0x02	; 2
   0791 03                 1982 	.db #0x03	; 3
   0792 02                 1983 	.db #0x02	; 2
   0793 03                 1984 	.db #0x03	; 3
   0794 02                 1985 	.db #0x02	; 2
   0795 03                 1986 	.db #0x03	; 3
   0796 02                 1987 	.db #0x02	; 2
   0797 03                 1988 	.db #0x03	; 3
   0798 02                 1989 	.db #0x02	; 2
   0799 00                 1990 	.db #0x00	; 0
   079A 01                 1991 	.db #0x01	; 1
   079B 03                 1992 	.db #0x03	; 3
   079C 02                 1993 	.db #0x02	; 2
   079D 03                 1994 	.db #0x03	; 3
   079E 02                 1995 	.db #0x02	; 2
   079F 03                 1996 	.db #0x03	; 3
   07A0 02                 1997 	.db #0x02	; 2
   07A1 03                 1998 	.db #0x03	; 3
   07A2 02                 1999 	.db #0x02	; 2
   07A3 03                 2000 	.db #0x03	; 3
   07A4 02                 2001 	.db #0x02	; 2
   07A5 03                 2002 	.db #0x03	; 3
   07A6 00                 2003 	.db #0x00	; 0
   07A7 01                 2004 	.db #0x01	; 1
   07A8 04                 2005 	.db #0x04	; 4
   07A9 05                 2006 	.db #0x05	; 5
   07AA 06                 2007 	.db #0x06	; 6
   07AB 07                 2008 	.db #0x07	; 7
   07AC 06                 2009 	.db #0x06	; 6
   07AD 07                 2010 	.db #0x07	; 7
   07AE 06                 2011 	.db #0x06	; 6
   07AF 07                 2012 	.db #0x07	; 7
   07B0 06                 2013 	.db #0x06	; 6
   07B1 07                 2014 	.db #0x07	; 7
   07B2 06                 2015 	.db #0x06	; 6
   07B3 07                 2016 	.db #0x07	; 7
   07B4 06                 2017 	.db #0x06	; 6
   07B5 07                 2018 	.db #0x07	; 7
   07B6 06                 2019 	.db #0x06	; 6
   07B7 07                 2020 	.db #0x07	; 7
   07B8 06                 2021 	.db #0x06	; 6
   07B9 07                 2022 	.db #0x07	; 7
   07BA 06                 2023 	.db #0x06	; 6
   07BB 07                 2024 	.db #0x07	; 7
   07BC 06                 2025 	.db #0x06	; 6
   07BD 07                 2026 	.db #0x07	; 7
   07BE 06                 2027 	.db #0x06	; 6
   07BF 07                 2028 	.db #0x07	; 7
   07C0 06                 2029 	.db #0x06	; 6
   07C1 04                 2030 	.db #0x04	; 4
   07C2 05                 2031 	.db #0x05	; 5
   07C3 07                 2032 	.db #0x07	; 7
   07C4 06                 2033 	.db #0x06	; 6
   07C5 07                 2034 	.db #0x07	; 7
   07C6 06                 2035 	.db #0x06	; 6
   07C7 07                 2036 	.db #0x07	; 7
   07C8 06                 2037 	.db #0x06	; 6
   07C9 07                 2038 	.db #0x07	; 7
   07CA 06                 2039 	.db #0x06	; 6
   07CB 07                 2040 	.db #0x07	; 7
   07CC 06                 2041 	.db #0x06	; 6
   07CD 07                 2042 	.db #0x07	; 7
   07CE 04                 2043 	.db #0x04	; 4
   07CF 05                 2044 	.db #0x05	; 5
                           2045 	.area _INITIALIZER
                           2046 	.area _CABS (ABS)
