ASxxxx Assembler V02.00 + NoICE + SDCC mods  (Zilog Z80 / Hitachi HD64180), page 1.
Hexadecimal [16-Bits]



                     0013     1 tamagno_enemy = 0x13                               ;; Tamaño del array de entidades
   0000 03                    2 num_enemigos: .db 0x03                             ;; Número de enemigos
                              3 
                              4 ;; Constantes del array del enemigo
                     0000     5 .equ enemiX,      0
                     0001     6 .equ enemiY,      1
                     0002     7 .equ enemiAlto,   2
                     0003     8 .equ enemiAncho,  3
                     0004     9 .equ SpriteBajo,  4
                     0005    10 .equ SpriteAlto,  5
                     0006    11 .equ enemiVelo,   6
                     0007    12 .equ temporiza,   7
                     0008    13 .equ StatusAni,   8
                     0009    14 .equ frame1Bajo,  9
                     000A    15 .equ frame1Alto, 10
                     000B    16 .equ frame2Bajo, 11
                     000C    17 .equ frame2Alto, 12
                     000D    18 .equ frame3Bajo, 13
                     000E    19 .equ frame3Alto, 14
                     000F    20 .equ frame4Bajo, 15
                     0010    21 .equ frame4Alto, 16
                     0011    22 .equ frame5Bajo, 17
                     0012    23 .equ frame5Alto, 18
                             24 
                             25 ;; Constantes del Player
                     0000    26 .equ PlayX,      0
                     0001    27 .equ PlayY,      1
                     0002    28 .equ PlayAlto,   2
                     0003    29 .equ PlayAncho,  3
                     0004    30 .equ SprPlayLo,  4
                     0005    31 .equ SprPlayHi,  5
                     0006    32 .equ PlayVidas,  6
                     0007    33 .equ FPS,        7
                             34 
                             35 
                             36 
                             37 
                             38 
