ASxxxx Assembler V02.00 + NoICE + SDCC mods  (Zilog Z80 / Hitachi HD64180), page 1.
Hexadecimal [16-Bits]



                              1 .area _CODE
                              2 
                              3 .globl _laser
ASxxxx Assembler V02.00 + NoICE + SDCC mods  (Zilog Z80 / Hitachi HD64180), page 2.
Hexadecimal [16-Bits]



                              4 .include "cpctelera.h.s"
                              1 .globl cpct_disableFirmware_asm
                              2 .globl cpct_setVideoMode_asm
                              3 .globl cpct_setPalette_asm
                              4 .globl cpct_drawSprite_asm
                              5 .globl cpct_getScreenPtr_asm
                              6 .globl cpct_scanKeyboard_asm
                              7 .globl cpct_isKeyPressed_asm
                              8 .globl cpct_waitVSYNC_asm
                              9 .globl cpct_drawSolidBox_asm
                             10 .globl cpct_etm_setTileset2x4_asm
                             11 .globl cpct_etm_drawTileBox2x4_asm
                             12 .globl cpct_getRandom_xsp40_u8_asm
                             13 .globl cpct_akp_SFXInit_asm
                             14 .globl cpct_akp_musicInit_asm
                             15 .globl cpct_akp_musicPlay_asm
                             16 .globl cpct_akp_SFXPlay_asm
                             17 .globl cpct_akp_SFXStop_asm
                             18 .globl cpct_akp_stop_asm
                             19 .globl cpct_drawStringM0_asm
                             20 .globl cpct_setDrawCharM0_asm
                             21 .globl cpct_isAnyKeyPressed_asm
                             22 .globl cpct_drawCharM0_asm
ASxxxx Assembler V02.00 + NoICE + SDCC mods  (Zilog Z80 / Hitachi HD64180), page 3.
Hexadecimal [16-Bits]



                              5 .include "Player.h.s"
                              1 .globl draw_player
                              2 .globl update_player
                              3 .globl erase_player
                              4 .globl disparando
                              5 .globl posXplayerPtr
                              6 .globl posYenemyPtr
                              7 .globl Player
                              8 .globl TeclaIz
                              9 .globl TeclaDe
                             10 .globl TeclaDi
ASxxxx Assembler V02.00 + NoICE + SDCC mods  (Zilog Z80 / Hitachi HD64180), page 4.
Hexadecimal [16-Bits]



                              6 .include "main.h.s"
                              1 .globl nodisparar
ASxxxx Assembler V02.00 + NoICE + SDCC mods  (Zilog Z80 / Hitachi HD64180), page 5.
Hexadecimal [16-Bits]



                              7 
   0000 FC                    8 velocidad: .db -4                                         ;; Velocidad del disparo (0xFC)
                              9 
   0001 26                   10 laserX:    .db 0x26                                       ;; Posición X del disparo
   0002 BD                   11 laserY:    .db 189                                        ;; Posición Y del disparo (0xBD)
                             12 
   0003                      13 draw_laser::
   0003 11 00 C0      [10]   14     ld de, #0xC000
   0006 3A 01 00      [13]   15     ld  a, (laserX)
   0009 4F            [ 4]   16     ld  c, a
   000A 3A 02 00      [13]   17     ld  a,(laserY)
   000D 47            [ 4]   18     ld  b, a
   000E CD 00 00      [17]   19     call cpct_getScreenPtr_asm
                             20 
   0011 EB            [ 4]   21     ex de,hl
   0012 21 00 00      [10]   22     ld hl, #_laser
   0015 01 01 04      [10]   23     ld bc, #0x0401
   0018 CD 00 00      [17]   24     call cpct_drawSprite_asm
                             25 
   001B C9            [10]   26     ret
                             27 
   001C                      28 erase_laser::
   001C 11 00 C0      [10]   29     ld de, #0xC000
   001F 3A 01 00      [13]   30     ld  a, (laserX)
   0022 4F            [ 4]   31     ld  c, a
   0023 3A 02 00      [13]   32     ld  a,(laserY)
   0026 47            [ 4]   33     ld  b, a
   0027 CD 00 00      [17]   34     call cpct_getScreenPtr_asm
                             35 
   002A EB            [ 4]   36     ex de, hl
   002B 3E 00         [ 7]   37     ld a, #0x00
   002D 01 01 04      [10]   38     ld bc, #0x0401
   0030 CD 00 00      [17]   39     call cpct_drawSolidBox_asm
                             40 
   0033 C9            [10]   41     ret
                             42 
   0034                      43 update_laser::
   0034 21 00 00      [10]   44     ld hl, #velocidad
   0037 3A 02 00      [13]   45     ld  a, (laserY)
   003A 86            [ 7]   46     add a,(hl)
   003B FE 09         [ 7]   47     cp #9                                         ;; Ver si ha llegado al final de la pantalla
   003D 28 07         [12]   48     jr z, destruirLaser
   003F 32 02 00      [13]   49     ld (laserY), a
   0042 CD 1C 00      [17]   50     call erase_laser                              ;; Borrar para que no quede ratro
   0045 C9            [10]   51     ret
   0046                      52 destruirLaser:
   0046 3E BD         [ 7]   53     ld a, #0xBD
   0048 32 02 00      [13]   54     ld (laserY), a                                ;; Coordenada Y del laser reseteada a #0xBD
   004B CD 00 00      [17]   55     call disparando
   004E AF            [ 4]   56     xor  a
   004F 77            [ 7]   57     ld (hl), a                                    ;; La posición de memoria disparando reseteada a cero
   0050 C3 00 00      [10]   58     jp nodisparar                                 ;; Borra el último dibujo del sprite, y me da la impresion de que esto no esta muy bien
                             59 
                             60 
   0053                      61 posXlaserPtr::
ASxxxx Assembler V02.00 + NoICE + SDCC mods  (Zilog Z80 / Hitachi HD64180), page 6.
Hexadecimal [16-Bits]



   0053 21 01 00      [10]   62     ld hl, #laserX                                 ;; Devuelvo la dirección de laserX en HL
   0056 C9            [10]   63     ret
                             64 
   0057                      65 posYlaserPtr::
   0057 21 02 00      [10]   66     ld hl, #laserY                                 ;; Devuelve la dirección de laserY en HL
   005A C9            [10]   67     ret
