ASxxxx Assembler V02.00 + NoICE + SDCC mods  (Zilog Z80 / Hitachi HD64180), page 1.
Hexadecimal [16-Bits]



                              1 .area _CODE
                              2 
ASxxxx Assembler V02.00 + NoICE + SDCC mods  (Zilog Z80 / Hitachi HD64180), page 2.
Hexadecimal [16-Bits]



                              3 .include "cpctelera.h.s"
                              1 .globl cpct_disableFirmware_asm
                              2 .globl cpct_setVideoMode_asm
                              3 .globl cpct_setPalette_asm
                              4 .globl cpct_drawSprite_asm
                              5 .globl cpct_getScreenPtr_asm
                              6 .globl cpct_scanKeyboard_asm
                              7 .globl cpct_isKeyPressed_asm
                              8 .globl cpct_waitVSYNC_asm
                              9 .globl cpct_drawSolidBox_asm
                             10 .globl cpct_etm_setTileset2x4_asm
                             11 .globl cpct_etm_drawTileBox2x4_asm
                             12 .globl cpct_getRandom_xsp40_u8_asm
                             13 .globl cpct_akp_SFXInit_asm
                             14 .globl cpct_akp_musicInit_asm
                             15 .globl cpct_akp_musicPlay_asm
                             16 .globl cpct_akp_SFXPlay_asm
                             17 .globl cpct_akp_SFXStop_asm
                             18 .globl cpct_akp_stop_asm
                             19 .globl cpct_drawStringM0_asm
                             20 .globl cpct_setDrawCharM0_asm
                             21 .globl cpct_isAnyKeyPressed_asm
                             22 .globl cpct_drawCharM0_asm
ASxxxx Assembler V02.00 + NoICE + SDCC mods  (Zilog Z80 / Hitachi HD64180), page 3.
Hexadecimal [16-Bits]



                              4 
   0000 00                    5 decenas:  .db 0x00
   0001 00                    6 centenas: .db 0x00
   0002 00                    7 millares: .db 0x00
   0003 00                    8 diezmil:  .db 0x00
                              9 
   0004                      10 suma::
   0004 21 00 00      [10]   11     ld hl, #decenas
   0007 34            [11]   12     inc (hl)
   0008 3E 0A         [ 7]   13     ld a, #0x0A
   000A BE            [ 7]   14     cp (hl)
   000B 20 25         [12]   15     jr nz, guarda
   000D 3E 00         [ 7]   16     ld  a, #0x00
   000F 32 00 00      [13]   17     ld (decenas), a
   0012 21 01 00      [10]   18     ld hl, #centenas
   0015 34            [11]   19     inc (hl)
   0016 3E 0A         [ 7]   20     ld  a, #0x0A
   0018 BE            [ 7]   21     cp (hl)
   0019 20 17         [12]   22     jr nz, guarda
   001B 3E 00         [ 7]   23     ld  a, #0x00
   001D 32 01 00      [13]   24     ld (centenas), a
   0020 21 02 00      [10]   25     ld hl, #millares
   0023 34            [11]   26     inc (hl)
   0024 3E 0A         [ 7]   27     ld  a, #0x0A
   0026 BE            [ 7]   28     cp (hl)
   0027 20 09         [12]   29     jr nz, guarda
   0029 3E 00         [ 7]   30     ld a, #0x00
   002B 32 02 00      [13]   31     ld (millares), a
   002E 21 03 00      [10]   32     ld hl, #diezmil
   0031 34            [11]   33     inc (hl)
   0032                      34 guarda:
   0032 3A 00 00      [13]   35     ld  a, (decenas)
   0035 CD 4B 00      [17]   36     call printdecena
   0038 3A 01 00      [13]   37     ld  a, (centenas)
   003B CD 63 00      [17]   38     call printcentena
   003E 3A 02 00      [13]   39     ld  a, (millares)
   0041 CD 7B 00      [17]   40     call printmillares
   0044 3A 03 00      [13]   41     ld  a, (diezmil)
   0047 CD 93 00      [17]   42     call printdiezmil
                             43 
   004A C9            [10]   44     ret
                             45 
   004B                      46 printdecena:
   004B C6 30         [ 7]   47     add #0x30                            ;; El codigo ASCII de '0'
   004D F5            [11]   48     push af
   004E 21 02 00      [10]   49     ld hl, #0x0002
   0051 CD 00 00      [17]   50     call cpct_setDrawCharM0_asm
   0054 11 00 C0      [10]   51     ld de, #0xC000
   0057 01 43 5C      [10]   52     ld bc, #0x5C43
   005A CD 00 00      [17]   53     call cpct_getScreenPtr_asm
   005D F1            [10]   54     pop af
   005E 5F            [ 4]   55     ld  e, a
   005F CD 00 00      [17]   56     call cpct_drawCharM0_asm
   0062 C9            [10]   57     ret
                             58 
ASxxxx Assembler V02.00 + NoICE + SDCC mods  (Zilog Z80 / Hitachi HD64180), page 4.
Hexadecimal [16-Bits]



   0063                      59 printcentena:
   0063 C6 30         [ 7]   60     add #0x30                            ;; El codigo ASCII de '0'
   0065 F5            [11]   61     push af
   0066 21 02 00      [10]   62     ld hl, #0x0002
   0069 CD 00 00      [17]   63     call cpct_setDrawCharM0_asm
   006C 11 00 C0      [10]   64     ld de, #0xC000
   006F 01 3F 5C      [10]   65     ld bc, #0x5C3F
   0072 CD 00 00      [17]   66     call cpct_getScreenPtr_asm
   0075 F1            [10]   67     pop af
   0076 5F            [ 4]   68     ld  e, a
   0077 CD 00 00      [17]   69     call cpct_drawCharM0_asm
   007A C9            [10]   70     ret
                             71 
   007B                      72 printmillares:
   007B C6 30         [ 7]   73     add #0x30                            ;; El codigo ASCII de '0'
   007D F5            [11]   74     push af
   007E 21 02 00      [10]   75     ld hl, #0x0002
   0081 CD 00 00      [17]   76     call cpct_setDrawCharM0_asm
   0084 11 00 C0      [10]   77     ld de, #0xC000
   0087 01 3B 5C      [10]   78     ld bc, #0x5C3B
   008A CD 00 00      [17]   79     call cpct_getScreenPtr_asm
   008D F1            [10]   80     pop af
   008E 5F            [ 4]   81     ld  e, a
   008F CD 00 00      [17]   82     call cpct_drawCharM0_asm
   0092 C9            [10]   83     ret
                             84 
   0093                      85 printdiezmil:
   0093 C6 30         [ 7]   86     add #0x30                            ;; El codigo ASCII de '0'
   0095 F5            [11]   87     push af
   0096 21 02 00      [10]   88     ld hl, #0x0002
   0099 CD 00 00      [17]   89     call cpct_setDrawCharM0_asm
   009C 11 00 C0      [10]   90     ld de, #0xC000
   009F 01 37 5C      [10]   91     ld bc, #0x5C37
   00A2 CD 00 00      [17]   92     call cpct_getScreenPtr_asm
   00A5 F1            [10]   93     pop af
   00A6 5F            [ 4]   94     ld  e, a
   00A7 CD 00 00      [17]   95     call cpct_drawCharM0_asm
   00AA C9            [10]   96     ret
