ASxxxx Assembler V02.00 + NoICE + SDCC mods  (Zilog Z80 / Hitachi HD64180), page 1.
Hexadecimal [16-Bits]



                              1 ;;;
                              2 ;;; File generated by cpct_aks2c CPCtelera script
                              3 ;;; Souce file of this conversion: src/Music/primeraCancion.aks
                              4 ;;; Generation time: lu.,  3 de ene. de 2022 17:03:21
                              5 ;;;
                              6 
                              7 ;;; Set absolute memory addressing
                              8 .area __Newexplo (ABS)
   0040                       9 .org 0x0040
                             10 
                             11 ;;; Music data start (193 bytes)
                             12 ;;;
   0040                      13 _Newexplo::
   0040 41 54 31 30 01 40    14 .db 0x41, 0x54, 0x31, 0x30, 0x01, 0x40, 0x42, 0x0F, 0x02, 0xFF, 0x9F, 0x00
        42 0F 02 FF 9F 00
   004C 56 00 5F 00 73 00    15 .db 0x56, 0x00, 0x5F, 0x00, 0x73, 0x00, 0x92, 0x00, 0xB4, 0x00, 0x00, 0x00
        92 00 B4 00 00 00
   0058 00 00 00 00 0D 58    16 .db 0x00, 0x00, 0x00, 0x00, 0x0D, 0x58, 0x00, 0x01, 0x00, 0x3C, 0x38, 0x34
        00 01 00 3C 38 34
   0064 30 2C 28 24 20 1C    17 .db 0x30, 0x2C, 0x28, 0x24, 0x20, 0x1C, 0x18, 0x14, 0x10, 0x0C, 0x08, 0x04
        18 14 10 0C 08 04
   0070 0D 58 00 01 00 4C    18 .db 0x0D, 0x58, 0x00, 0x01, 0x00, 0x4C, 0x0C, 0x50, 0x0C, 0x58, 0x0C, 0x60
        0C 50 0C 58 0C 60
   007C 07 68 07 6C 07 70    19 .db 0x07, 0x68, 0x07, 0x6C, 0x07, 0x70, 0x05, 0x78, 0x05, 0x7C, 0x05, 0x70
        05 78 05 7C 05 70
   0088 7F 5C 7F 4C 7F 06    20 .db 0x7F, 0x5C, 0x7F, 0x4C, 0x7F, 0x06, 0x21, 0x0D, 0x58, 0x00, 0x02, 0x00
        21 0D 58 00 02 00
   0094 6E 38 66 32 31 36    21 .db 0x6E, 0x38, 0x66, 0x32, 0x31, 0x36, 0x32, 0x36, 0x3D, 0x3A, 0x3D, 0x3E
        32 36 3D 3A 3D 3E
   00A0 3D 3E 3D 3E 3D 32    22 .db 0x3D, 0x3E, 0x3D, 0x3E, 0x3D, 0x32, 0x3D, 0x32, 0x3E, 0x3A, 0x3C, 0x36
        3D 32 3E 3A 3C 36
   00AC 3C 2E 38 02 3B 0D    23 .db 0x3C, 0x2E, 0x38, 0x02, 0x3B, 0x0D, 0x58, 0x00, 0x01, 0x00, 0x7C, 0x7F
        58 00 01 00 7C 7F
   00B8 78 6F 74 5F 70 4F    24 .db 0x78, 0x6F, 0x74, 0x5F, 0x70, 0x4F, 0x6C, 0x3F, 0x68, 0x2F, 0x64, 0x0F
        6C 3F 68 2F 64 0F
   00C4 60 0D 5C 0B 58 09    25 .db 0x60, 0x0D, 0x5C, 0x0B, 0x58, 0x09, 0x54, 0x08, 0x50, 0x07, 0x4C, 0x06
        54 08 50 07 4C 06
   00D0 48 05 44 04 44 04    26 .db 0x48, 0x05, 0x44, 0x04, 0x44, 0x04, 0x48, 0x05, 0x4C, 0x06, 0x50, 0x07
        48 05 4C 06 50 07
   00DC 54 08 58 09 5C 7F    27 .db 0x54, 0x08, 0x58, 0x09, 0x5C, 0x7F, 0x60, 0x6F, 0x64, 0x5F, 0x68, 0x6F
        60 6F 64 5F 68 6F
   00E8 0D 58 00 40 00 00    28 .db 0x0D, 0x58, 0x00, 0x40, 0x00, 0x00, 0x00, 0xFB, 0x00, 0x00, 0xFC, 0x00
        00 FB 00 00 FC 00
   00F4 FC 00 FC 00 01 F1    29 .db 0xFC, 0x00, 0xFC, 0x00, 0x01, 0xF1, 0x00, 0x00, 0x42, 0x80, 0x00, 0x00
        00 00 42 80 00 00
   0100 00                   30 .db 0x00
                             31 
                             32 
