                              1 ;--------------------------------------------------------
                              2 ; File Created by SDCC : free open source ANSI-C Compiler
                              3 ; Version 3.6.8 #9946 (Linux)
                              4 ;--------------------------------------------------------
                              5 	.module enemigo
                              6 	.optsdcc -mz80
                              7 	
                              8 ;--------------------------------------------------------
                              9 ; Public variables in this module
                             10 ;--------------------------------------------------------
                             11 	.globl _enemigo
                             12 ;--------------------------------------------------------
                             13 ; special function registers
                             14 ;--------------------------------------------------------
                             15 ;--------------------------------------------------------
                             16 ; ram data
                             17 ;--------------------------------------------------------
                             18 	.area _DATA
                             19 ;--------------------------------------------------------
                             20 ; ram data
                             21 ;--------------------------------------------------------
                             22 	.area _INITIALIZED
                             23 ;--------------------------------------------------------
                             24 ; absolute external ram data
                             25 ;--------------------------------------------------------
                             26 	.area _DABS (ABS)
                             27 ;--------------------------------------------------------
                             28 ; global & static initialisations
                             29 ;--------------------------------------------------------
                             30 	.area _HOME
                             31 	.area _GSINIT
                             32 	.area _GSFINAL
                             33 	.area _GSINIT
                             34 ;--------------------------------------------------------
                             35 ; Home
                             36 ;--------------------------------------------------------
                             37 	.area _HOME
                             38 	.area _HOME
                             39 ;--------------------------------------------------------
                             40 ; code
                             41 ;--------------------------------------------------------
                             42 	.area _CODE
                             43 	.area _CODE
   0000                      44 _enemigo:
   0000 C2                   45 	.db #0xc2	; 194
   0001 C0                   46 	.db #0xc0	; 192
   0002 C1                   47 	.db #0xc1	; 193
   0003 C2                   48 	.db #0xc2	; 194
   0004 C0                   49 	.db #0xc0	; 192
   0005 C1                   50 	.db #0xc1	; 193
   0006 D3                   51 	.db #0xd3	; 211
   0007 C0                   52 	.db #0xc0	; 192
   0008 E3                   53 	.db #0xe3	; 227
   0009 D1                   54 	.db #0xd1	; 209
   000A FC                   55 	.db #0xfc	; 252
   000B E2                   56 	.db #0xe2	; 226
   000C D1                   57 	.db #0xd1	; 209
   000D FC                   58 	.db #0xfc	; 252
   000E E2                   59 	.db #0xe2	; 226
   000F C0                   60 	.db #0xc0	; 192
   0010 FC                   61 	.db #0xfc	; 252
   0011 C0                   62 	.db #0xc0	; 192
   0012 C0                   63 	.db #0xc0	; 192
   0013 FC                   64 	.db #0xfc	; 252
   0014 C0                   65 	.db #0xc0	; 192
   0015 C0                   66 	.db #0xc0	; 192
   0016 CC                   67 	.db #0xcc	; 204
   0017 C0                   68 	.db #0xc0	; 192
                             69 	.area _INITIALIZER
                             70 	.area _CABS (ABS)
