                              1 ;--------------------------------------------------------
                              2 ; File Created by SDCC : free open source ANSI-C Compiler
                              3 ; Version 3.6.8 #9946 (Linux)
                              4 ;--------------------------------------------------------
                              5 	.module escenario16x8
                              6 	.optsdcc -mz80
                              7 	
                              8 ;--------------------------------------------------------
                              9 ; Public variables in this module
                             10 ;--------------------------------------------------------
                             11 	.globl _esce_7
                             12 	.globl _esce_6
                             13 	.globl _esce_5
                             14 	.globl _esce_4
                             15 	.globl _esce_3
                             16 	.globl _esce_2
                             17 	.globl _esce_1
                             18 	.globl _esce_0
                             19 	.globl _tileset
                             20 ;--------------------------------------------------------
                             21 ; special function registers
                             22 ;--------------------------------------------------------
                             23 ;--------------------------------------------------------
                             24 ; ram data
                             25 ;--------------------------------------------------------
                             26 	.area _DATA
                             27 ;--------------------------------------------------------
                             28 ; ram data
                             29 ;--------------------------------------------------------
                             30 	.area _INITIALIZED
                             31 ;--------------------------------------------------------
                             32 ; absolute external ram data
                             33 ;--------------------------------------------------------
                             34 	.area _DABS (ABS)
                             35 ;--------------------------------------------------------
                             36 ; global & static initialisations
                             37 ;--------------------------------------------------------
                             38 	.area _HOME
                             39 	.area _GSINIT
                             40 	.area _GSFINAL
                             41 	.area _GSINIT
                             42 ;--------------------------------------------------------
                             43 ; Home
                             44 ;--------------------------------------------------------
                             45 	.area _HOME
                             46 	.area _HOME
                             47 ;--------------------------------------------------------
                             48 ; code
                             49 ;--------------------------------------------------------
                             50 	.area _CODE
                             51 	.area _CODE
   0000                      52 _tileset:
   0000r10r00                53 	.dw _esce_0
   0002r18r00                54 	.dw _esce_1
   0004r20r00                55 	.dw _esce_2
   0006r28r00                56 	.dw _esce_3
   0008r30r00                57 	.dw _esce_4
   000Ar38r00                58 	.dw _esce_5
   000Cr40r00                59 	.dw _esce_6
   000Er48r00                60 	.dw _esce_7
   0010                      61 _esce_0:
   0010 C0                   62 	.db #0xc0	; 192
   0011 F0                   63 	.db #0xf0	; 240
   0012 D0                   64 	.db #0xd0	; 208
   0013 BB                   65 	.db #0xbb	; 187
   0014 F5                   66 	.db #0xf5	; 245
   0015 BB                   67 	.db #0xbb	; 187
   0016 F5                   68 	.db #0xf5	; 245
   0017 BB                   69 	.db #0xbb	; 187
   0018                      70 _esce_1:
   0018 F0                   71 	.db #0xf0	; 240
   0019 C0                   72 	.db #0xc0	; 192
   001A 77                   73 	.db #0x77	; 119	'w'
   001B E0                   74 	.db #0xe0	; 224
   001C 77                   75 	.db #0x77	; 119	'w'
   001D FA                   76 	.db #0xfa	; 250
   001E 77                   77 	.db #0x77	; 119	'w'
   001F FA                   78 	.db #0xfa	; 250
   0020                      79 _esce_2:
   0020 C0                   80 	.db #0xc0	; 192
   0021 C0                   81 	.db #0xc0	; 192
   0022 C0                   82 	.db #0xc0	; 192
   0023 C0                   83 	.db #0xc0	; 192
   0024 C0                   84 	.db #0xc0	; 192
   0025 C0                   85 	.db #0xc0	; 192
   0026 C0                   86 	.db #0xc0	; 192
   0027 C0                   87 	.db #0xc0	; 192
   0028                      88 _esce_3:
   0028 C0                   89 	.db #0xc0	; 192
   0029 C0                   90 	.db #0xc0	; 192
   002A C0                   91 	.db #0xc0	; 192
   002B C0                   92 	.db #0xc0	; 192
   002C C0                   93 	.db #0xc0	; 192
   002D C0                   94 	.db #0xc0	; 192
   002E C0                   95 	.db #0xc0	; 192
   002F C0                   96 	.db #0xc0	; 192
   0030                      97 _esce_4:
   0030 F5                   98 	.db #0xf5	; 245
   0031 BB                   99 	.db #0xbb	; 187
   0032 F5                  100 	.db #0xf5	; 245
   0033 FA                  101 	.db #0xfa	; 250
   0034 F5                  102 	.db #0xf5	; 245
   0035 E0                  103 	.db #0xe0	; 224
   0036 F0                  104 	.db #0xf0	; 240
   0037 C0                  105 	.db #0xc0	; 192
   0038                     106 _esce_5:
   0038 77                  107 	.db #0x77	; 119	'w'
   0039 FA                  108 	.db #0xfa	; 250
   003A F5                  109 	.db #0xf5	; 245
   003B FA                  110 	.db #0xfa	; 250
   003C D0                  111 	.db #0xd0	; 208
   003D FA                  112 	.db #0xfa	; 250
   003E C0                  113 	.db #0xc0	; 192
   003F F0                  114 	.db #0xf0	; 240
   0040                     115 _esce_6:
   0040 C0                  116 	.db #0xc0	; 192
   0041 C0                  117 	.db #0xc0	; 192
   0042 C0                  118 	.db #0xc0	; 192
   0043 C0                  119 	.db #0xc0	; 192
   0044 C0                  120 	.db #0xc0	; 192
   0045 C0                  121 	.db #0xc0	; 192
   0046 C0                  122 	.db #0xc0	; 192
   0047 C0                  123 	.db #0xc0	; 192
   0048                     124 _esce_7:
   0048 C0                  125 	.db #0xc0	; 192
   0049 C0                  126 	.db #0xc0	; 192
   004A C0                  127 	.db #0xc0	; 192
   004B C0                  128 	.db #0xc0	; 192
   004C C0                  129 	.db #0xc0	; 192
   004D C0                  130 	.db #0xc0	; 192
   004E C0                  131 	.db #0xc0	; 192
   004F C0                  132 	.db #0xc0	; 192
                            133 	.area _INITIALIZER
                            134 	.area _CABS (ABS)
