                              1 ;--------------------------------------------------------
                              2 ; File Created by SDCC : free open source ANSI-C Compiler
                              3 ; Version 3.6.8 #9946 (Linux)
                              4 ;--------------------------------------------------------
                              5 	.module exploEnemyV1_2
                              6 	.optsdcc -mz80
                              7 	
                              8 ;--------------------------------------------------------
                              9 ; Public variables in this module
                             10 ;--------------------------------------------------------
                             11 	.globl _explo2
                             12 ;--------------------------------------------------------
                             13 ; special function registers
                             14 ;--------------------------------------------------------
                             15 ;--------------------------------------------------------
                             16 ; ram data
                             17 ;--------------------------------------------------------
                             18 	.area _DATA
                             19 ;--------------------------------------------------------
                             20 ; ram data
                             21 ;--------------------------------------------------------
                             22 	.area _INITIALIZED
                             23 ;--------------------------------------------------------
                             24 ; absolute external ram data
                             25 ;--------------------------------------------------------
                             26 	.area _DABS (ABS)
                             27 ;--------------------------------------------------------
                             28 ; global & static initialisations
                             29 ;--------------------------------------------------------
                             30 	.area _HOME
                             31 	.area _GSINIT
                             32 	.area _GSFINAL
                             33 	.area _GSINIT
                             34 ;--------------------------------------------------------
                             35 ; Home
                             36 ;--------------------------------------------------------
                             37 	.area _HOME
                             38 	.area _HOME
                             39 ;--------------------------------------------------------
                             40 ; code
                             41 ;--------------------------------------------------------
                             42 	.area _CODE
                             43 	.area _CODE
   0000                      44 _explo2:
   0000 C0                   45 	.db #0xc0	; 192
   0001 C0                   46 	.db #0xc0	; 192
   0002 C0                   47 	.db #0xc0	; 192
   0003 C0                   48 	.db #0xc0	; 192
   0004 C0                   49 	.db #0xc0	; 192
   0005 C0                   50 	.db #0xc0	; 192
   0006 D5                   51 	.db #0xd5	; 213
   0007 C0                   52 	.db #0xc0	; 192
   0008 EA                   53 	.db #0xea	; 234
   0009 C0                   54 	.db #0xc0	; 192
   000A FF                   55 	.db #0xff	; 255
   000B C0                   56 	.db #0xc0	; 192
   000C C0                   57 	.db #0xc0	; 192
   000D FF                   58 	.db #0xff	; 255
   000E C0                   59 	.db #0xc0	; 192
   000F D5                   60 	.db #0xd5	; 213
   0010 C0                   61 	.db #0xc0	; 192
   0011 EA                   62 	.db #0xea	; 234
   0012 C0                   63 	.db #0xc0	; 192
   0013 C0                   64 	.db #0xc0	; 192
   0014 C0                   65 	.db #0xc0	; 192
   0015 C0                   66 	.db #0xc0	; 192
   0016 C0                   67 	.db #0xc0	; 192
   0017 C0                   68 	.db #0xc0	; 192
                             69 	.area _INITIALIZER
                             70 	.area _CABS (ABS)
