                              1 ;--------------------------------------------------------
                              2 ; File Created by SDCC : free open source ANSI-C Compiler
                              3 ; Version 3.6.8 #9946 (Linux)
                              4 ;--------------------------------------------------------
                              5 	.module naveexplo1
                              6 	.optsdcc -mz80
                              7 	
                              8 ;--------------------------------------------------------
                              9 ; Public variables in this module
                             10 ;--------------------------------------------------------
                             11 	.globl _playerexplo1
                             12 ;--------------------------------------------------------
                             13 ; special function registers
                             14 ;--------------------------------------------------------
                             15 ;--------------------------------------------------------
                             16 ; ram data
                             17 ;--------------------------------------------------------
                             18 	.area _DATA
                             19 ;--------------------------------------------------------
                             20 ; ram data
                             21 ;--------------------------------------------------------
                             22 	.area _INITIALIZED
                             23 ;--------------------------------------------------------
                             24 ; absolute external ram data
                             25 ;--------------------------------------------------------
                             26 	.area _DABS (ABS)
                             27 ;--------------------------------------------------------
                             28 ; global & static initialisations
                             29 ;--------------------------------------------------------
                             30 	.area _HOME
                             31 	.area _GSINIT
                             32 	.area _GSFINAL
                             33 	.area _GSINIT
                             34 ;--------------------------------------------------------
                             35 ; Home
                             36 ;--------------------------------------------------------
                             37 	.area _HOME
                             38 	.area _HOME
                             39 ;--------------------------------------------------------
                             40 ; code
                             41 ;--------------------------------------------------------
                             42 	.area _CODE
                             43 	.area _CODE
   0000                      44 _playerexplo1:
   0000 C0                   45 	.db #0xc0	; 192
   0001 C0                   46 	.db #0xc0	; 192
   0002 30                   47 	.db #0x30	; 48	'0'
   0003 C0                   48 	.db #0xc0	; 192
   0004 C0                   49 	.db #0xc0	; 192
   0005 C0                   50 	.db #0xc0	; 192
   0006 C0                   51 	.db #0xc0	; 192
   0007 CC                   52 	.db #0xcc	; 204
   0008 C0                   53 	.db #0xc0	; 192
   0009 C0                   54 	.db #0xc0	; 192
   000A C0                   55 	.db #0xc0	; 192
   000B C0                   56 	.db #0xc0	; 192
   000C F3                   57 	.db #0xf3	; 243
   000D C0                   58 	.db #0xc0	; 192
   000E C0                   59 	.db #0xc0	; 192
   000F 90                   60 	.db #0x90	; 144
   0010 C4                   61 	.db #0xc4	; 196
   0011 F3                   62 	.db #0xf3	; 243
   0012 C8                   63 	.db #0xc8	; 200
   0013 60                   64 	.db #0x60	; 96
   0014 90                   65 	.db #0x90	; 144
   0015 C4                   66 	.db #0xc4	; 196
   0016 0C                   67 	.db #0x0c	; 12
   0017 C8                   68 	.db #0xc8	; 200
   0018 60                   69 	.db #0x60	; 96
   0019 D9                   70 	.db #0xd9	; 217
   001A 8C                   71 	.db #0x8c	; 140
   001B 0C                   72 	.db #0x0c	; 12
   001C 4C                   73 	.db #0x4c	; 76	'L'
   001D E6                   74 	.db #0xe6	; 230
                             75 	.area _INITIALIZER
                             76 	.area _CABS (ABS)
