                              1 ;--------------------------------------------------------
                              2 ; File Created by SDCC : free open source ANSI-C Compiler
                              3 ; Version 3.6.8 #9946 (Linux)
                              4 ;--------------------------------------------------------
                              5 	.module naveexplo3
                              6 	.optsdcc -mz80
                              7 	
                              8 ;--------------------------------------------------------
                              9 ; Public variables in this module
                             10 ;--------------------------------------------------------
                             11 	.globl _playerexplo3
                             12 ;--------------------------------------------------------
                             13 ; special function registers
                             14 ;--------------------------------------------------------
                             15 ;--------------------------------------------------------
                             16 ; ram data
                             17 ;--------------------------------------------------------
                             18 	.area _DATA
                             19 ;--------------------------------------------------------
                             20 ; ram data
                             21 ;--------------------------------------------------------
                             22 	.area _INITIALIZED
                             23 ;--------------------------------------------------------
                             24 ; absolute external ram data
                             25 ;--------------------------------------------------------
                             26 	.area _DABS (ABS)
                             27 ;--------------------------------------------------------
                             28 ; global & static initialisations
                             29 ;--------------------------------------------------------
                             30 	.area _HOME
                             31 	.area _GSINIT
                             32 	.area _GSFINAL
                             33 	.area _GSINIT
                             34 ;--------------------------------------------------------
                             35 ; Home
                             36 ;--------------------------------------------------------
                             37 	.area _HOME
                             38 	.area _HOME
                             39 ;--------------------------------------------------------
                             40 ; code
                             41 ;--------------------------------------------------------
                             42 	.area _CODE
                             43 	.area _CODE
   0000                      44 _playerexplo3:
   0000 C0                   45 	.db #0xc0	; 192
   0001 F3                   46 	.db #0xf3	; 243
   0002 F3                   47 	.db #0xf3	; 243
   0003 F3                   48 	.db #0xf3	; 243
   0004 C0                   49 	.db #0xc0	; 192
   0005 C0                   50 	.db #0xc0	; 192
   0006 B2                   51 	.db #0xb2	; 178
   0007 30                   52 	.db #0x30	; 48	'0'
   0008 71                   53 	.db #0x71	; 113	'q'
   0009 C0                   54 	.db #0xc0	; 192
   000A C0                   55 	.db #0xc0	; 192
   000B B2                   56 	.db #0xb2	; 178
   000C F3                   57 	.db #0xf3	; 243
   000D 71                   58 	.db #0x71	; 113	'q'
   000E C0                   59 	.db #0xc0	; 192
   000F 90                   60 	.db #0x90	; 144
   0010 B2                   61 	.db #0xb2	; 178
   0011 F3                   62 	.db #0xf3	; 243
   0012 71                   63 	.db #0x71	; 113	'q'
   0013 60                   64 	.db #0x60	; 96
   0014 90                   65 	.db #0x90	; 144
   0015 B2                   66 	.db #0xb2	; 178
   0016 30                   67 	.db #0x30	; 48	'0'
   0017 71                   68 	.db #0x71	; 113	'q'
   0018 60                   69 	.db #0x60	; 96
   0019 D9                   70 	.db #0xd9	; 217
   001A F3                   71 	.db #0xf3	; 243
   001B F3                   72 	.db #0xf3	; 243
   001C F3                   73 	.db #0xf3	; 243
   001D E6                   74 	.db #0xe6	; 230
                             75 	.area _INITIALIZER
                             76 	.area _CABS (ABS)
