                              1 ;--------------------------------------------------------
                              2 ; File Created by SDCC : free open source ANSI-C Compiler
                              3 ; Version 3.6.8 #9946 (Linux)
                              4 ;--------------------------------------------------------
                              5 	.module nave
                              6 	.optsdcc -mz80
                              7 	
                              8 ;--------------------------------------------------------
                              9 ; Public variables in this module
                             10 ;--------------------------------------------------------
                             11 	.globl _spr
                             12 	.globl _palette
                             13 ;--------------------------------------------------------
                             14 ; special function registers
                             15 ;--------------------------------------------------------
                             16 ;--------------------------------------------------------
                             17 ; ram data
                             18 ;--------------------------------------------------------
                             19 	.area _DATA
                             20 ;--------------------------------------------------------
                             21 ; ram data
                             22 ;--------------------------------------------------------
                             23 	.area _INITIALIZED
                             24 ;--------------------------------------------------------
                             25 ; absolute external ram data
                             26 ;--------------------------------------------------------
                             27 	.area _DABS (ABS)
                             28 ;--------------------------------------------------------
                             29 ; global & static initialisations
                             30 ;--------------------------------------------------------
                             31 	.area _HOME
                             32 	.area _GSINIT
                             33 	.area _GSFINAL
                             34 	.area _GSINIT
                             35 ;--------------------------------------------------------
                             36 ; Home
                             37 ;--------------------------------------------------------
                             38 	.area _HOME
                             39 	.area _HOME
                             40 ;--------------------------------------------------------
                             41 ; code
                             42 ;--------------------------------------------------------
                             43 	.area _CODE
                             44 	.area _CODE
   0000                      45 _palette:
   0000 54                   46 	.db #0x54	; 84	'T'
   0001 44                   47 	.db #0x44	; 68	'D'
   0002 55                   48 	.db #0x55	; 85	'U'
   0003 5C                   49 	.db #0x5c	; 92
   0004 4C                   50 	.db #0x4c	; 76	'L'
   0005 56                   51 	.db #0x56	; 86	'V'
   0006 57                   52 	.db #0x57	; 87	'W'
   0007 5E                   53 	.db #0x5e	; 94
   0008 40                   54 	.db #0x40	; 64
   0009 4E                   55 	.db #0x4e	; 78	'N'
   000A 47                   56 	.db #0x47	; 71	'G'
   000B 52                   57 	.db #0x52	; 82	'R'
   000C 53                   58 	.db #0x53	; 83	'S'
   000D 4A                   59 	.db #0x4a	; 74	'J'
   000E 43                   60 	.db #0x43	; 67	'C'
   000F 4B                   61 	.db #0x4b	; 75	'K'
   0010                      62 _spr:
   0010 C0                   63 	.db #0xc0	; 192
   0011 C0                   64 	.db #0xc0	; 192
   0012 30                   65 	.db #0x30	; 48	'0'
   0013 C0                   66 	.db #0xc0	; 192
   0014 C0                   67 	.db #0xc0	; 192
   0015 C0                   68 	.db #0xc0	; 192
   0016 C0                   69 	.db #0xc0	; 192
   0017 CC                   70 	.db #0xcc	; 204
   0018 C0                   71 	.db #0xc0	; 192
   0019 C0                   72 	.db #0xc0	; 192
   001A C0                   73 	.db #0xc0	; 192
   001B C0                   74 	.db #0xc0	; 192
   001C CC                   75 	.db #0xcc	; 204
   001D C0                   76 	.db #0xc0	; 192
   001E C0                   77 	.db #0xc0	; 192
   001F 90                   78 	.db #0x90	; 144
   0020 C4                   79 	.db #0xc4	; 196
   0021 0C                   80 	.db #0x0c	; 12
   0022 C8                   81 	.db #0xc8	; 200
   0023 60                   82 	.db #0x60	; 96
   0024 90                   83 	.db #0x90	; 144
   0025 C4                   84 	.db #0xc4	; 196
   0026 0C                   85 	.db #0x0c	; 12
   0027 C8                   86 	.db #0xc8	; 200
   0028 60                   87 	.db #0x60	; 96
   0029 D9                   88 	.db #0xd9	; 217
   002A 8C                   89 	.db #0x8c	; 140
   002B 0C                   90 	.db #0x0c	; 12
   002C 4C                   91 	.db #0x4c	; 76	'L'
   002D E6                   92 	.db #0xe6	; 230
                             93 	.area _INITIALIZER
                             94 	.area _CABS (ABS)
